2023-05-26 14:03:01 [192.168.1.9][-][-][warning][yii\debug\Module::checkAccess] Access to debugger is denied due to IP address restriction. The requesting IP address is 192.168.1.9
2023-05-26 14:03:01 [192.168.1.9][-][-][info][application] $_GET = [
    'id' => '32'
]

$_POST = []

$_FILES = []

$_COOKIE = [
    '_identity-frontend' => 'ac8d11bccdecd582fa25b7697fd3bc41cc35c8174f0462278aad8b52014d6de0a:2:{i:0;s:18:\"_identity-frontend\";i:1;s:46:\"[4,\"TiIunT6J5fCfUWpAzRFMyizXX0fzvydE\",2592000]\";}'
    '_identity-backend' => '3fa645bb4704740e1ed23fbb9daa46b9da527604b26251ebefb4f7a2640c6342a:2:{i:0;s:17:\"_identity-backend\";i:1;s:46:\"[4,\"TiIunT6J5fCfUWpAzRFMyizXX0fzvydE\",2592000]\";}'
]

$_SERVER = [
    'REDIRECT_STATUS' => '200'
    'HTTP_HOST' => '192.168.1.9'
    'HTTP_CONNECTION' => 'keep-alive'
    'HTTP_CACHE_CONTROL' => 'max-age=0'
    'HTTP_UPGRADE_INSECURE_REQUESTS' => '1'
    'HTTP_USER_AGENT' => 'Mozilla/5.0 (Windows NT 10.0; Win64; x64) AppleWebKit/537.36 (KHTML, like Gecko) Chrome/110.0.0.0 YaBrowser/23.3.4.605 Yowser/2.5 Safari/537.36'
    'HTTP_ACCEPT' => 'text/html,application/xhtml+xml,application/xml;q=0.9,image/avif,image/webp,image/apng,*/*;q=0.8,application/signed-exchange;v=b3;q=0.7'
    'HTTP_ACCEPT_ENCODING' => 'gzip, deflate'
    'HTTP_ACCEPT_LANGUAGE' => 'ru,en;q=0.9'
    'HTTP_COOKIE' => '_identity-frontend=ac8d11bccdecd582fa25b7697fd3bc41cc35c8174f0462278aad8b52014d6de0a%3A2%3A%7Bi%3A0%3Bs%3A18%3A%22_identity-frontend%22%3Bi%3A1%3Bs%3A46%3A%22%5B4%2C%22TiIunT6J5fCfUWpAzRFMyizXX0fzvydE%22%2C2592000%5D%22%3B%7D; _identity-backend=3fa645bb4704740e1ed23fbb9daa46b9da527604b26251ebefb4f7a2640c6342a%3A2%3A%7Bi%3A0%3Bs%3A17%3A%22_identity-backend%22%3Bi%3A1%3Bs%3A46%3A%22%5B4%2C%22TiIunT6J5fCfUWpAzRFMyizXX0fzvydE%22%2C2592000%5D%22%3B%7D'
    'PATH' => 'C:\\ProgramData\\Oracle\\Java\\javapath;C:\\Program Files\\Common Files\\Oracle\\Java\\javapath;C:\\Program Files (x86)\\Common Files\\Oracle\\Java\\javapath;C:\\Windows\\system32;C:\\Windows;C:\\Windows\\System32\\Wbem;C:\\Windows\\System32\\WindowsPowerShell\\v1.0\\;C:\\Windows\\System32\\OpenSSH\\;C:\\Program Files\\NVIDIA Corporation\\NVIDIA NvDLISR;C:\\Program Files (x86)\\NVIDIA Corporation\\PhysX\\Common;C:\\Program Files\\Git\\cmd;C:\\Users\\denis\\PhpstormProjects\\PHP;C:\\ProgramData\\ComposerSetup\\bin;C:\\Users\\denis\\PhpstormProjects\\Node\\;C:\\Program Files\\MySQL\\MySQL Shell 8.0\\bin\\;C:\\Users\\denis\\AppData\\Local\\Microsoft\\WindowsApps;C:\\Program Files\\JetBrains\\PhpStorm 2023.1\\bin;C:\\Users\\denis\\AppData\\Roaming\\Composer\\vendor\\bin;C:\\Program Files\\JetBrains\\IntelliJ IDEA Community Edition 2023.1\\bin;C:\\Users\\denis\\AppData\\Roaming\\npm'
    'SystemRoot' => 'C:\\Windows'
    'COMSPEC' => 'C:\\Windows\\system32\\cmd.exe'
    'PATHEXT' => '.COM;.EXE;.BAT;.CMD;.VBS;.VBE;.JS;.JSE;.WSF;.WSH;.MSC'
    'WINDIR' => 'C:\\Windows'
    'SERVER_SIGNATURE' => ''
    'SERVER_SOFTWARE' => 'Apache/2.4.54 (Win64) PHP/7.4.33'
    'SERVER_NAME' => '192.168.1.9'
    'SERVER_ADDR' => '192.168.1.9'
    'SERVER_PORT' => '80'
    'REMOTE_ADDR' => '192.168.1.9'
    'DOCUMENT_ROOT' => 'C:/Users/denis/PhpstormProjects/yii-application/api/web'
    'REQUEST_SCHEME' => 'http'
    'CONTEXT_PREFIX' => ''
    'CONTEXT_DOCUMENT_ROOT' => 'C:/Users/denis/PhpstormProjects/yii-application/api/web'
    'SERVER_ADMIN' => 'admin@example.com'
    'SCRIPT_FILENAME' => 'C:/Users/denis/PhpstormProjects/yii-application/api/web/index.php'
    'REMOTE_PORT' => '59288'
    'REDIRECT_URL' => '/api/post'
    'REDIRECT_QUERY_STRING' => 'id=32'
    'GATEWAY_INTERFACE' => 'CGI/1.1'
    'SERVER_PROTOCOL' => 'HTTP/1.1'
    'REQUEST_METHOD' => 'GET'
    'QUERY_STRING' => 'id=32'
    'REQUEST_URI' => '/api/post?id=32'
    'SCRIPT_NAME' => '/index.php'
    'PHP_SELF' => '/index.php'
    'REQUEST_TIME_FLOAT' => 1685109781.3829
    'REQUEST_TIME' => 1685109781
]
2023-05-29 18:13:37 [192.168.1.9][-][-][error][yii\web\HttpException:404] yii\base\InvalidRouteException: Unable to resolve the request "". in C:\Users\denis\PhpstormProjects\yii-application\vendor\yiisoft\yii2\base\Module.php:561
Stack trace:
#0 C:\Users\denis\PhpstormProjects\yii-application\vendor\yiisoft\yii2\web\Application.php(103): yii\base\Module->runAction()
#1 C:\Users\denis\PhpstormProjects\yii-application\vendor\yiisoft\yii2\base\Application.php(384): yii\web\Application->handleRequest()
#2 C:\Users\denis\PhpstormProjects\yii-application\api\web\index.php(18): yii\base\Application->run()
#3 {main}

Next yii\web\NotFoundHttpException: Страница не найдена. in C:\Users\denis\PhpstormProjects\yii-application\vendor\yiisoft\yii2\web\Application.php:115
Stack trace:
#0 C:\Users\denis\PhpstormProjects\yii-application\vendor\yiisoft\yii2\base\Application.php(384): yii\web\Application->handleRequest()
#1 C:\Users\denis\PhpstormProjects\yii-application\api\web\index.php(18): yii\base\Application->run()
#2 {main}
2023-05-29 18:13:37 [192.168.1.9][-][-][warning][yii\debug\Module::checkAccess] Access to debugger is denied due to IP address restriction. The requesting IP address is 192.168.1.9
2023-05-29 18:13:37 [192.168.1.9][-][-][info][application] $_GET = []

$_POST = []

$_FILES = []

$_COOKIE = [
    '_identity-frontend' => 'ac8d11bccdecd582fa25b7697fd3bc41cc35c8174f0462278aad8b52014d6de0a:2:{i:0;s:18:\"_identity-frontend\";i:1;s:46:\"[4,\"TiIunT6J5fCfUWpAzRFMyizXX0fzvydE\",2592000]\";}'
    '_identity-backend' => '3fa645bb4704740e1ed23fbb9daa46b9da527604b26251ebefb4f7a2640c6342a:2:{i:0;s:17:\"_identity-backend\";i:1;s:46:\"[4,\"TiIunT6J5fCfUWpAzRFMyizXX0fzvydE\",2592000]\";}'
]

$_SERVER = [
    'HTTP_HOST' => '192.168.1.9'
    'HTTP_CONNECTION' => 'keep-alive'
    'HTTP_UPGRADE_INSECURE_REQUESTS' => '1'
    'HTTP_USER_AGENT' => 'Mozilla/5.0 (Windows NT 10.0; Win64; x64) AppleWebKit/537.36 (KHTML, like Gecko) Chrome/110.0.0.0 YaBrowser/23.3.4.605 Yowser/2.5 Safari/537.36'
    'HTTP_ACCEPT' => 'text/html,application/xhtml+xml,application/xml;q=0.9,image/avif,image/webp,image/apng,*/*;q=0.8,application/signed-exchange;v=b3;q=0.7'
    'HTTP_ACCEPT_ENCODING' => 'gzip, deflate'
    'HTTP_ACCEPT_LANGUAGE' => 'ru,en;q=0.9'
    'HTTP_COOKIE' => '_identity-frontend=ac8d11bccdecd582fa25b7697fd3bc41cc35c8174f0462278aad8b52014d6de0a%3A2%3A%7Bi%3A0%3Bs%3A18%3A%22_identity-frontend%22%3Bi%3A1%3Bs%3A46%3A%22%5B4%2C%22TiIunT6J5fCfUWpAzRFMyizXX0fzvydE%22%2C2592000%5D%22%3B%7D; _identity-backend=3fa645bb4704740e1ed23fbb9daa46b9da527604b26251ebefb4f7a2640c6342a%3A2%3A%7Bi%3A0%3Bs%3A17%3A%22_identity-backend%22%3Bi%3A1%3Bs%3A46%3A%22%5B4%2C%22TiIunT6J5fCfUWpAzRFMyizXX0fzvydE%22%2C2592000%5D%22%3B%7D'
    'PATH' => 'C:\\ProgramData\\Oracle\\Java\\javapath;C:\\Program Files\\Common Files\\Oracle\\Java\\javapath;C:\\Program Files (x86)\\Common Files\\Oracle\\Java\\javapath;C:\\Windows\\system32;C:\\Windows;C:\\Windows\\System32\\Wbem;C:\\Windows\\System32\\WindowsPowerShell\\v1.0\\;C:\\Windows\\System32\\OpenSSH\\;C:\\Program Files\\NVIDIA Corporation\\NVIDIA NvDLISR;C:\\Program Files (x86)\\NVIDIA Corporation\\PhysX\\Common;C:\\Program Files\\Git\\cmd;C:\\Users\\denis\\PhpstormProjects\\PHP;C:\\ProgramData\\ComposerSetup\\bin;C:\\Users\\denis\\PhpstormProjects\\Node\\;C:\\Program Files\\MySQL\\MySQL Shell 8.0\\bin\\;C:\\Users\\denis\\AppData\\Local\\Microsoft\\WindowsApps;C:\\Program Files\\JetBrains\\PhpStorm 2023.1\\bin;C:\\Users\\denis\\AppData\\Roaming\\Composer\\vendor\\bin;C:\\Program Files\\JetBrains\\IntelliJ IDEA Community Edition 2023.1\\bin;C:\\Users\\denis\\AppData\\Roaming\\npm'
    'SystemRoot' => 'C:\\Windows'
    'COMSPEC' => 'C:\\Windows\\system32\\cmd.exe'
    'PATHEXT' => '.COM;.EXE;.BAT;.CMD;.VBS;.VBE;.JS;.JSE;.WSF;.WSH;.MSC'
    'WINDIR' => 'C:\\Windows'
    'SERVER_SIGNATURE' => ''
    'SERVER_SOFTWARE' => 'Apache/2.4.54 (Win64) PHP/7.4.33'
    'SERVER_NAME' => '192.168.1.9'
    'SERVER_ADDR' => '192.168.1.9'
    'SERVER_PORT' => '80'
    'REMOTE_ADDR' => '192.168.1.9'
    'DOCUMENT_ROOT' => 'C:/Users/denis/PhpstormProjects/yii-application/api/web'
    'REQUEST_SCHEME' => 'http'
    'CONTEXT_PREFIX' => ''
    'CONTEXT_DOCUMENT_ROOT' => 'C:/Users/denis/PhpstormProjects/yii-application/api/web'
    'SERVER_ADMIN' => 'admin@example.com'
    'SCRIPT_FILENAME' => 'C:/Users/denis/PhpstormProjects/yii-application/api/web/index.php'
    'REMOTE_PORT' => '50647'
    'GATEWAY_INTERFACE' => 'CGI/1.1'
    'SERVER_PROTOCOL' => 'HTTP/1.1'
    'REQUEST_METHOD' => 'GET'
    'QUERY_STRING' => ''
    'REQUEST_URI' => '/'
    'SCRIPT_NAME' => '/index.php'
    'PHP_SELF' => '/index.php'
    'REQUEST_TIME_FLOAT' => 1685384017.749
    'REQUEST_TIME' => 1685384017
]
2023-05-29 18:13:57 [192.168.1.9][-][-][warning][yii\debug\Module::checkAccess] Access to debugger is denied due to IP address restriction. The requesting IP address is 192.168.1.9
2023-05-29 18:13:57 [192.168.1.9][-][-][info][application] $_GET = []

$_POST = []

$_FILES = []

$_COOKIE = [
    '_identity-frontend' => 'ac8d11bccdecd582fa25b7697fd3bc41cc35c8174f0462278aad8b52014d6de0a:2:{i:0;s:18:\"_identity-frontend\";i:1;s:46:\"[4,\"TiIunT6J5fCfUWpAzRFMyizXX0fzvydE\",2592000]\";}'
    '_identity-backend' => '3fa645bb4704740e1ed23fbb9daa46b9da527604b26251ebefb4f7a2640c6342a:2:{i:0;s:17:\"_identity-backend\";i:1;s:46:\"[4,\"TiIunT6J5fCfUWpAzRFMyizXX0fzvydE\",2592000]\";}'
]

$_SERVER = [
    'REDIRECT_STATUS' => '200'
    'HTTP_HOST' => '192.168.1.9'
    'HTTP_CONNECTION' => 'keep-alive'
    'HTTP_UPGRADE_INSECURE_REQUESTS' => '1'
    'HTTP_USER_AGENT' => 'Mozilla/5.0 (Windows NT 10.0; Win64; x64) AppleWebKit/537.36 (KHTML, like Gecko) Chrome/110.0.0.0 YaBrowser/23.3.4.605 Yowser/2.5 Safari/537.36'
    'HTTP_ACCEPT' => 'text/html,application/xhtml+xml,application/xml;q=0.9,image/avif,image/webp,image/apng,*/*;q=0.8,application/signed-exchange;v=b3;q=0.7'
    'HTTP_ACCEPT_ENCODING' => 'gzip, deflate'
    'HTTP_ACCEPT_LANGUAGE' => 'ru,en;q=0.9'
    'HTTP_COOKIE' => '_identity-frontend=ac8d11bccdecd582fa25b7697fd3bc41cc35c8174f0462278aad8b52014d6de0a%3A2%3A%7Bi%3A0%3Bs%3A18%3A%22_identity-frontend%22%3Bi%3A1%3Bs%3A46%3A%22%5B4%2C%22TiIunT6J5fCfUWpAzRFMyizXX0fzvydE%22%2C2592000%5D%22%3B%7D; _identity-backend=3fa645bb4704740e1ed23fbb9daa46b9da527604b26251ebefb4f7a2640c6342a%3A2%3A%7Bi%3A0%3Bs%3A17%3A%22_identity-backend%22%3Bi%3A1%3Bs%3A46%3A%22%5B4%2C%22TiIunT6J5fCfUWpAzRFMyizXX0fzvydE%22%2C2592000%5D%22%3B%7D'
    'PATH' => 'C:\\ProgramData\\Oracle\\Java\\javapath;C:\\Program Files\\Common Files\\Oracle\\Java\\javapath;C:\\Program Files (x86)\\Common Files\\Oracle\\Java\\javapath;C:\\Windows\\system32;C:\\Windows;C:\\Windows\\System32\\Wbem;C:\\Windows\\System32\\WindowsPowerShell\\v1.0\\;C:\\Windows\\System32\\OpenSSH\\;C:\\Program Files\\NVIDIA Corporation\\NVIDIA NvDLISR;C:\\Program Files (x86)\\NVIDIA Corporation\\PhysX\\Common;C:\\Program Files\\Git\\cmd;C:\\Users\\denis\\PhpstormProjects\\PHP;C:\\ProgramData\\ComposerSetup\\bin;C:\\Users\\denis\\PhpstormProjects\\Node\\;C:\\Program Files\\MySQL\\MySQL Shell 8.0\\bin\\;C:\\Users\\denis\\AppData\\Local\\Microsoft\\WindowsApps;C:\\Program Files\\JetBrains\\PhpStorm 2023.1\\bin;C:\\Users\\denis\\AppData\\Roaming\\Composer\\vendor\\bin;C:\\Program Files\\JetBrains\\IntelliJ IDEA Community Edition 2023.1\\bin;C:\\Users\\denis\\AppData\\Roaming\\npm'
    'SystemRoot' => 'C:\\Windows'
    'COMSPEC' => 'C:\\Windows\\system32\\cmd.exe'
    'PATHEXT' => '.COM;.EXE;.BAT;.CMD;.VBS;.VBE;.JS;.JSE;.WSF;.WSH;.MSC'
    'WINDIR' => 'C:\\Windows'
    'SERVER_SIGNATURE' => ''
    'SERVER_SOFTWARE' => 'Apache/2.4.54 (Win64) PHP/7.4.33'
    'SERVER_NAME' => '192.168.1.9'
    'SERVER_ADDR' => '192.168.1.9'
    'SERVER_PORT' => '80'
    'REMOTE_ADDR' => '192.168.1.9'
    'DOCUMENT_ROOT' => 'C:/Users/denis/PhpstormProjects/yii-application/api/web'
    'REQUEST_SCHEME' => 'http'
    'CONTEXT_PREFIX' => ''
    'CONTEXT_DOCUMENT_ROOT' => 'C:/Users/denis/PhpstormProjects/yii-application/api/web'
    'SERVER_ADMIN' => 'admin@example.com'
    'SCRIPT_FILENAME' => 'C:/Users/denis/PhpstormProjects/yii-application/api/web/index.php'
    'REMOTE_PORT' => '50648'
    'REDIRECT_URL' => '/api/get_users'
    'GATEWAY_INTERFACE' => 'CGI/1.1'
    'SERVER_PROTOCOL' => 'HTTP/1.1'
    'REQUEST_METHOD' => 'GET'
    'QUERY_STRING' => ''
    'REQUEST_URI' => '/api/get_users'
    'SCRIPT_NAME' => '/index.php'
    'PHP_SELF' => '/index.php'
    'REQUEST_TIME_FLOAT' => 1685384037.1126
    'REQUEST_TIME' => 1685384037
]
2023-05-29 18:14:28 [192.168.1.9][-][-][warning][yii\debug\Module::checkAccess] Access to debugger is denied due to IP address restriction. The requesting IP address is 192.168.1.9
2023-05-29 18:14:28 [192.168.1.9][-][-][info][application] $_GET = []

$_POST = []

$_FILES = []

$_COOKIE = [
    '_identity-frontend' => 'ac8d11bccdecd582fa25b7697fd3bc41cc35c8174f0462278aad8b52014d6de0a:2:{i:0;s:18:\"_identity-frontend\";i:1;s:46:\"[4,\"TiIunT6J5fCfUWpAzRFMyizXX0fzvydE\",2592000]\";}'
    '_identity-backend' => '3fa645bb4704740e1ed23fbb9daa46b9da527604b26251ebefb4f7a2640c6342a:2:{i:0;s:17:\"_identity-backend\";i:1;s:46:\"[4,\"TiIunT6J5fCfUWpAzRFMyizXX0fzvydE\",2592000]\";}'
]

$_SERVER = [
    'REDIRECT_STATUS' => '200'
    'HTTP_HOST' => '192.168.1.9'
    'HTTP_CONNECTION' => 'keep-alive'
    'HTTP_CACHE_CONTROL' => 'max-age=0'
    'HTTP_UPGRADE_INSECURE_REQUESTS' => '1'
    'HTTP_USER_AGENT' => 'Mozilla/5.0 (Windows NT 10.0; Win64; x64) AppleWebKit/537.36 (KHTML, like Gecko) Chrome/110.0.0.0 YaBrowser/23.3.4.605 Yowser/2.5 Safari/537.36'
    'HTTP_ACCEPT' => 'text/html,application/xhtml+xml,application/xml;q=0.9,image/avif,image/webp,image/apng,*/*;q=0.8,application/signed-exchange;v=b3;q=0.7'
    'HTTP_ACCEPT_ENCODING' => 'gzip, deflate'
    'HTTP_ACCEPT_LANGUAGE' => 'ru,en;q=0.9'
    'HTTP_COOKIE' => '_identity-frontend=ac8d11bccdecd582fa25b7697fd3bc41cc35c8174f0462278aad8b52014d6de0a%3A2%3A%7Bi%3A0%3Bs%3A18%3A%22_identity-frontend%22%3Bi%3A1%3Bs%3A46%3A%22%5B4%2C%22TiIunT6J5fCfUWpAzRFMyizXX0fzvydE%22%2C2592000%5D%22%3B%7D; _identity-backend=3fa645bb4704740e1ed23fbb9daa46b9da527604b26251ebefb4f7a2640c6342a%3A2%3A%7Bi%3A0%3Bs%3A17%3A%22_identity-backend%22%3Bi%3A1%3Bs%3A46%3A%22%5B4%2C%22TiIunT6J5fCfUWpAzRFMyizXX0fzvydE%22%2C2592000%5D%22%3B%7D'
    'PATH' => 'C:\\ProgramData\\Oracle\\Java\\javapath;C:\\Program Files\\Common Files\\Oracle\\Java\\javapath;C:\\Program Files (x86)\\Common Files\\Oracle\\Java\\javapath;C:\\Windows\\system32;C:\\Windows;C:\\Windows\\System32\\Wbem;C:\\Windows\\System32\\WindowsPowerShell\\v1.0\\;C:\\Windows\\System32\\OpenSSH\\;C:\\Program Files\\NVIDIA Corporation\\NVIDIA NvDLISR;C:\\Program Files (x86)\\NVIDIA Corporation\\PhysX\\Common;C:\\Program Files\\Git\\cmd;C:\\Users\\denis\\PhpstormProjects\\PHP;C:\\ProgramData\\ComposerSetup\\bin;C:\\Users\\denis\\PhpstormProjects\\Node\\;C:\\Program Files\\MySQL\\MySQL Shell 8.0\\bin\\;C:\\Users\\denis\\AppData\\Local\\Microsoft\\WindowsApps;C:\\Program Files\\JetBrains\\PhpStorm 2023.1\\bin;C:\\Users\\denis\\AppData\\Roaming\\Composer\\vendor\\bin;C:\\Program Files\\JetBrains\\IntelliJ IDEA Community Edition 2023.1\\bin;C:\\Users\\denis\\AppData\\Roaming\\npm'
    'SystemRoot' => 'C:\\Windows'
    'COMSPEC' => 'C:\\Windows\\system32\\cmd.exe'
    'PATHEXT' => '.COM;.EXE;.BAT;.CMD;.VBS;.VBE;.JS;.JSE;.WSF;.WSH;.MSC'
    'WINDIR' => 'C:\\Windows'
    'SERVER_SIGNATURE' => ''
    'SERVER_SOFTWARE' => 'Apache/2.4.54 (Win64) PHP/7.4.33'
    'SERVER_NAME' => '192.168.1.9'
    'SERVER_ADDR' => '192.168.1.9'
    'SERVER_PORT' => '80'
    'REMOTE_ADDR' => '192.168.1.9'
    'DOCUMENT_ROOT' => 'C:/Users/denis/PhpstormProjects/yii-application/api/web'
    'REQUEST_SCHEME' => 'http'
    'CONTEXT_PREFIX' => ''
    'CONTEXT_DOCUMENT_ROOT' => 'C:/Users/denis/PhpstormProjects/yii-application/api/web'
    'SERVER_ADMIN' => 'admin@example.com'
    'SCRIPT_FILENAME' => 'C:/Users/denis/PhpstormProjects/yii-application/api/web/index.php'
    'REMOTE_PORT' => '50707'
    'REDIRECT_URL' => '/api/get_users'
    'GATEWAY_INTERFACE' => 'CGI/1.1'
    'SERVER_PROTOCOL' => 'HTTP/1.1'
    'REQUEST_METHOD' => 'GET'
    'QUERY_STRING' => ''
    'REQUEST_URI' => '/api/get_users'
    'SCRIPT_NAME' => '/index.php'
    'PHP_SELF' => '/index.php'
    'REQUEST_TIME_FLOAT' => 1685384068.395
    'REQUEST_TIME' => 1685384068
]
2023-05-29 18:14:55 [192.168.1.9][-][-][error][yii\web\HttpException:404] yii\web\NotFoundHttpException: Пользователь не найден in C:\Users\denis\PhpstormProjects\yii-application\api\controllers\ApiController.php:35
Stack trace:
#0 [internal function]: api\controllers\ApiController->actionGet_user()
#1 C:\Users\denis\PhpstormProjects\yii-application\vendor\yiisoft\yii2\base\InlineAction.php(57): call_user_func_array()
#2 C:\Users\denis\PhpstormProjects\yii-application\vendor\yiisoft\yii2\base\Controller.php(178): yii\base\InlineAction->runWithParams()
#3 C:\Users\denis\PhpstormProjects\yii-application\vendor\yiisoft\yii2\base\Module.php(552): yii\base\Controller->runAction()
#4 C:\Users\denis\PhpstormProjects\yii-application\vendor\yiisoft\yii2\web\Application.php(103): yii\base\Module->runAction()
#5 C:\Users\denis\PhpstormProjects\yii-application\vendor\yiisoft\yii2\base\Application.php(384): yii\web\Application->handleRequest()
#6 C:\Users\denis\PhpstormProjects\yii-application\api\web\index.php(18): yii\base\Application->run()
#7 {main}
2023-05-29 18:14:55 [192.168.1.9][-][-][warning][yii\debug\Module::checkAccess] Access to debugger is denied due to IP address restriction. The requesting IP address is 192.168.1.9
2023-05-29 18:14:55 [192.168.1.9][-][-][info][application] $_GET = [
    'id' => '5'
]

$_POST = []

$_FILES = []

$_COOKIE = [
    '_identity-frontend' => 'ac8d11bccdecd582fa25b7697fd3bc41cc35c8174f0462278aad8b52014d6de0a:2:{i:0;s:18:\"_identity-frontend\";i:1;s:46:\"[4,\"TiIunT6J5fCfUWpAzRFMyizXX0fzvydE\",2592000]\";}'
    '_identity-backend' => '3fa645bb4704740e1ed23fbb9daa46b9da527604b26251ebefb4f7a2640c6342a:2:{i:0;s:17:\"_identity-backend\";i:1;s:46:\"[4,\"TiIunT6J5fCfUWpAzRFMyizXX0fzvydE\",2592000]\";}'
]

$_SERVER = [
    'REDIRECT_STATUS' => '200'
    'HTTP_HOST' => '192.168.1.9'
    'HTTP_CONNECTION' => 'keep-alive'
    'HTTP_UPGRADE_INSECURE_REQUESTS' => '1'
    'HTTP_USER_AGENT' => 'Mozilla/5.0 (Windows NT 10.0; Win64; x64) AppleWebKit/537.36 (KHTML, like Gecko) Chrome/110.0.0.0 YaBrowser/23.3.4.605 Yowser/2.5 Safari/537.36'
    'HTTP_ACCEPT' => 'text/html,application/xhtml+xml,application/xml;q=0.9,image/avif,image/webp,image/apng,*/*;q=0.8,application/signed-exchange;v=b3;q=0.7'
    'HTTP_ACCEPT_ENCODING' => 'gzip, deflate'
    'HTTP_ACCEPT_LANGUAGE' => 'ru,en;q=0.9'
    'HTTP_COOKIE' => '_identity-frontend=ac8d11bccdecd582fa25b7697fd3bc41cc35c8174f0462278aad8b52014d6de0a%3A2%3A%7Bi%3A0%3Bs%3A18%3A%22_identity-frontend%22%3Bi%3A1%3Bs%3A46%3A%22%5B4%2C%22TiIunT6J5fCfUWpAzRFMyizXX0fzvydE%22%2C2592000%5D%22%3B%7D; _identity-backend=3fa645bb4704740e1ed23fbb9daa46b9da527604b26251ebefb4f7a2640c6342a%3A2%3A%7Bi%3A0%3Bs%3A17%3A%22_identity-backend%22%3Bi%3A1%3Bs%3A46%3A%22%5B4%2C%22TiIunT6J5fCfUWpAzRFMyizXX0fzvydE%22%2C2592000%5D%22%3B%7D'
    'PATH' => 'C:\\ProgramData\\Oracle\\Java\\javapath;C:\\Program Files\\Common Files\\Oracle\\Java\\javapath;C:\\Program Files (x86)\\Common Files\\Oracle\\Java\\javapath;C:\\Windows\\system32;C:\\Windows;C:\\Windows\\System32\\Wbem;C:\\Windows\\System32\\WindowsPowerShell\\v1.0\\;C:\\Windows\\System32\\OpenSSH\\;C:\\Program Files\\NVIDIA Corporation\\NVIDIA NvDLISR;C:\\Program Files (x86)\\NVIDIA Corporation\\PhysX\\Common;C:\\Program Files\\Git\\cmd;C:\\Users\\denis\\PhpstormProjects\\PHP;C:\\ProgramData\\ComposerSetup\\bin;C:\\Users\\denis\\PhpstormProjects\\Node\\;C:\\Program Files\\MySQL\\MySQL Shell 8.0\\bin\\;C:\\Users\\denis\\AppData\\Local\\Microsoft\\WindowsApps;C:\\Program Files\\JetBrains\\PhpStorm 2023.1\\bin;C:\\Users\\denis\\AppData\\Roaming\\Composer\\vendor\\bin;C:\\Program Files\\JetBrains\\IntelliJ IDEA Community Edition 2023.1\\bin;C:\\Users\\denis\\AppData\\Roaming\\npm'
    'SystemRoot' => 'C:\\Windows'
    'COMSPEC' => 'C:\\Windows\\system32\\cmd.exe'
    'PATHEXT' => '.COM;.EXE;.BAT;.CMD;.VBS;.VBE;.JS;.JSE;.WSF;.WSH;.MSC'
    'WINDIR' => 'C:\\Windows'
    'SERVER_SIGNATURE' => ''
    'SERVER_SOFTWARE' => 'Apache/2.4.54 (Win64) PHP/7.4.33'
    'SERVER_NAME' => '192.168.1.9'
    'SERVER_ADDR' => '192.168.1.9'
    'SERVER_PORT' => '80'
    'REMOTE_ADDR' => '192.168.1.9'
    'DOCUMENT_ROOT' => 'C:/Users/denis/PhpstormProjects/yii-application/api/web'
    'REQUEST_SCHEME' => 'http'
    'CONTEXT_PREFIX' => ''
    'CONTEXT_DOCUMENT_ROOT' => 'C:/Users/denis/PhpstormProjects/yii-application/api/web'
    'SERVER_ADMIN' => 'admin@example.com'
    'SCRIPT_FILENAME' => 'C:/Users/denis/PhpstormProjects/yii-application/api/web/index.php'
    'REMOTE_PORT' => '50726'
    'REDIRECT_URL' => '/api/get_user'
    'REDIRECT_QUERY_STRING' => 'id=5'
    'GATEWAY_INTERFACE' => 'CGI/1.1'
    'SERVER_PROTOCOL' => 'HTTP/1.1'
    'REQUEST_METHOD' => 'GET'
    'QUERY_STRING' => 'id=5'
    'REQUEST_URI' => '/api/get_user?id=5'
    'SCRIPT_NAME' => '/index.php'
    'PHP_SELF' => '/index.php'
    'REQUEST_TIME_FLOAT' => 1685384095.2739
    'REQUEST_TIME' => 1685384095
]
2023-05-29 18:15:09 [192.168.1.9][-][-][warning][yii\debug\Module::checkAccess] Access to debugger is denied due to IP address restriction. The requesting IP address is 192.168.1.9
2023-05-29 18:15:09 [192.168.1.9][-][-][info][application] $_GET = [
    'id' => '4'
]

$_POST = []

$_FILES = []

$_COOKIE = [
    '_identity-frontend' => 'ac8d11bccdecd582fa25b7697fd3bc41cc35c8174f0462278aad8b52014d6de0a:2:{i:0;s:18:\"_identity-frontend\";i:1;s:46:\"[4,\"TiIunT6J5fCfUWpAzRFMyizXX0fzvydE\",2592000]\";}'
    '_identity-backend' => '3fa645bb4704740e1ed23fbb9daa46b9da527604b26251ebefb4f7a2640c6342a:2:{i:0;s:17:\"_identity-backend\";i:1;s:46:\"[4,\"TiIunT6J5fCfUWpAzRFMyizXX0fzvydE\",2592000]\";}'
]

$_SERVER = [
    'REDIRECT_STATUS' => '200'
    'HTTP_HOST' => '192.168.1.9'
    'HTTP_CONNECTION' => 'keep-alive'
    'HTTP_UPGRADE_INSECURE_REQUESTS' => '1'
    'HTTP_USER_AGENT' => 'Mozilla/5.0 (Windows NT 10.0; Win64; x64) AppleWebKit/537.36 (KHTML, like Gecko) Chrome/110.0.0.0 YaBrowser/23.3.4.605 Yowser/2.5 Safari/537.36'
    'HTTP_ACCEPT' => 'text/html,application/xhtml+xml,application/xml;q=0.9,image/avif,image/webp,image/apng,*/*;q=0.8,application/signed-exchange;v=b3;q=0.7'
    'HTTP_ACCEPT_ENCODING' => 'gzip, deflate'
    'HTTP_ACCEPT_LANGUAGE' => 'ru,en;q=0.9'
    'HTTP_COOKIE' => '_identity-frontend=ac8d11bccdecd582fa25b7697fd3bc41cc35c8174f0462278aad8b52014d6de0a%3A2%3A%7Bi%3A0%3Bs%3A18%3A%22_identity-frontend%22%3Bi%3A1%3Bs%3A46%3A%22%5B4%2C%22TiIunT6J5fCfUWpAzRFMyizXX0fzvydE%22%2C2592000%5D%22%3B%7D; _identity-backend=3fa645bb4704740e1ed23fbb9daa46b9da527604b26251ebefb4f7a2640c6342a%3A2%3A%7Bi%3A0%3Bs%3A17%3A%22_identity-backend%22%3Bi%3A1%3Bs%3A46%3A%22%5B4%2C%22TiIunT6J5fCfUWpAzRFMyizXX0fzvydE%22%2C2592000%5D%22%3B%7D'
    'PATH' => 'C:\\ProgramData\\Oracle\\Java\\javapath;C:\\Program Files\\Common Files\\Oracle\\Java\\javapath;C:\\Program Files (x86)\\Common Files\\Oracle\\Java\\javapath;C:\\Windows\\system32;C:\\Windows;C:\\Windows\\System32\\Wbem;C:\\Windows\\System32\\WindowsPowerShell\\v1.0\\;C:\\Windows\\System32\\OpenSSH\\;C:\\Program Files\\NVIDIA Corporation\\NVIDIA NvDLISR;C:\\Program Files (x86)\\NVIDIA Corporation\\PhysX\\Common;C:\\Program Files\\Git\\cmd;C:\\Users\\denis\\PhpstormProjects\\PHP;C:\\ProgramData\\ComposerSetup\\bin;C:\\Users\\denis\\PhpstormProjects\\Node\\;C:\\Program Files\\MySQL\\MySQL Shell 8.0\\bin\\;C:\\Users\\denis\\AppData\\Local\\Microsoft\\WindowsApps;C:\\Program Files\\JetBrains\\PhpStorm 2023.1\\bin;C:\\Users\\denis\\AppData\\Roaming\\Composer\\vendor\\bin;C:\\Program Files\\JetBrains\\IntelliJ IDEA Community Edition 2023.1\\bin;C:\\Users\\denis\\AppData\\Roaming\\npm'
    'SystemRoot' => 'C:\\Windows'
    'COMSPEC' => 'C:\\Windows\\system32\\cmd.exe'
    'PATHEXT' => '.COM;.EXE;.BAT;.CMD;.VBS;.VBE;.JS;.JSE;.WSF;.WSH;.MSC'
    'WINDIR' => 'C:\\Windows'
    'SERVER_SIGNATURE' => ''
    'SERVER_SOFTWARE' => 'Apache/2.4.54 (Win64) PHP/7.4.33'
    'SERVER_NAME' => '192.168.1.9'
    'SERVER_ADDR' => '192.168.1.9'
    'SERVER_PORT' => '80'
    'REMOTE_ADDR' => '192.168.1.9'
    'DOCUMENT_ROOT' => 'C:/Users/denis/PhpstormProjects/yii-application/api/web'
    'REQUEST_SCHEME' => 'http'
    'CONTEXT_PREFIX' => ''
    'CONTEXT_DOCUMENT_ROOT' => 'C:/Users/denis/PhpstormProjects/yii-application/api/web'
    'SERVER_ADMIN' => 'admin@example.com'
    'SCRIPT_FILENAME' => 'C:/Users/denis/PhpstormProjects/yii-application/api/web/index.php'
    'REMOTE_PORT' => '50754'
    'REDIRECT_URL' => '/api/get_user'
    'REDIRECT_QUERY_STRING' => 'id=4'
    'GATEWAY_INTERFACE' => 'CGI/1.1'
    'SERVER_PROTOCOL' => 'HTTP/1.1'
    'REQUEST_METHOD' => 'GET'
    'QUERY_STRING' => 'id=4'
    'REQUEST_URI' => '/api/get_user?id=4'
    'SCRIPT_NAME' => '/index.php'
    'PHP_SELF' => '/index.php'
    'REQUEST_TIME_FLOAT' => 1685384109.3893
    'REQUEST_TIME' => 1685384109
]
2023-05-29 18:18:47 [192.168.1.9][-][-][warning][yii\debug\Module::checkAccess] Access to debugger is denied due to IP address restriction. The requesting IP address is 192.168.1.9
2023-05-29 18:18:47 [192.168.1.9][-][-][info][application] $_GET = [
    'id' => '4'
]

$_POST = []

$_FILES = []

$_COOKIE = [
    '_identity-frontend' => 'ac8d11bccdecd582fa25b7697fd3bc41cc35c8174f0462278aad8b52014d6de0a:2:{i:0;s:18:\"_identity-frontend\";i:1;s:46:\"[4,\"TiIunT6J5fCfUWpAzRFMyizXX0fzvydE\",2592000]\";}'
    '_identity-backend' => '3fa645bb4704740e1ed23fbb9daa46b9da527604b26251ebefb4f7a2640c6342a:2:{i:0;s:17:\"_identity-backend\";i:1;s:46:\"[4,\"TiIunT6J5fCfUWpAzRFMyizXX0fzvydE\",2592000]\";}'
]

$_SERVER = [
    'REDIRECT_STATUS' => '200'
    'HTTP_HOST' => '192.168.1.9'
    'HTTP_CONNECTION' => 'keep-alive'
    'HTTP_CACHE_CONTROL' => 'max-age=0'
    'HTTP_UPGRADE_INSECURE_REQUESTS' => '1'
    'HTTP_USER_AGENT' => 'Mozilla/5.0 (Windows NT 10.0; Win64; x64) AppleWebKit/537.36 (KHTML, like Gecko) Chrome/110.0.0.0 YaBrowser/23.3.4.605 Yowser/2.5 Safari/537.36'
    'HTTP_ACCEPT' => 'text/html,application/xhtml+xml,application/xml;q=0.9,image/avif,image/webp,image/apng,*/*;q=0.8,application/signed-exchange;v=b3;q=0.7'
    'HTTP_ACCEPT_ENCODING' => 'gzip, deflate'
    'HTTP_ACCEPT_LANGUAGE' => 'ru,en;q=0.9'
    'HTTP_COOKIE' => '_identity-frontend=ac8d11bccdecd582fa25b7697fd3bc41cc35c8174f0462278aad8b52014d6de0a%3A2%3A%7Bi%3A0%3Bs%3A18%3A%22_identity-frontend%22%3Bi%3A1%3Bs%3A46%3A%22%5B4%2C%22TiIunT6J5fCfUWpAzRFMyizXX0fzvydE%22%2C2592000%5D%22%3B%7D; _identity-backend=3fa645bb4704740e1ed23fbb9daa46b9da527604b26251ebefb4f7a2640c6342a%3A2%3A%7Bi%3A0%3Bs%3A17%3A%22_identity-backend%22%3Bi%3A1%3Bs%3A46%3A%22%5B4%2C%22TiIunT6J5fCfUWpAzRFMyizXX0fzvydE%22%2C2592000%5D%22%3B%7D'
    'PATH' => 'C:\\ProgramData\\Oracle\\Java\\javapath;C:\\Program Files\\Common Files\\Oracle\\Java\\javapath;C:\\Program Files (x86)\\Common Files\\Oracle\\Java\\javapath;C:\\Windows\\system32;C:\\Windows;C:\\Windows\\System32\\Wbem;C:\\Windows\\System32\\WindowsPowerShell\\v1.0\\;C:\\Windows\\System32\\OpenSSH\\;C:\\Program Files\\NVIDIA Corporation\\NVIDIA NvDLISR;C:\\Program Files (x86)\\NVIDIA Corporation\\PhysX\\Common;C:\\Program Files\\Git\\cmd;C:\\Users\\denis\\PhpstormProjects\\PHP;C:\\ProgramData\\ComposerSetup\\bin;C:\\Users\\denis\\PhpstormProjects\\Node\\;C:\\Program Files\\MySQL\\MySQL Shell 8.0\\bin\\;C:\\Users\\denis\\AppData\\Local\\Microsoft\\WindowsApps;C:\\Program Files\\JetBrains\\PhpStorm 2023.1\\bin;C:\\Users\\denis\\AppData\\Roaming\\Composer\\vendor\\bin;C:\\Program Files\\JetBrains\\IntelliJ IDEA Community Edition 2023.1\\bin;C:\\Users\\denis\\AppData\\Roaming\\npm'
    'SystemRoot' => 'C:\\Windows'
    'COMSPEC' => 'C:\\Windows\\system32\\cmd.exe'
    'PATHEXT' => '.COM;.EXE;.BAT;.CMD;.VBS;.VBE;.JS;.JSE;.WSF;.WSH;.MSC'
    'WINDIR' => 'C:\\Windows'
    'SERVER_SIGNATURE' => ''
    'SERVER_SOFTWARE' => 'Apache/2.4.54 (Win64) PHP/7.4.33'
    'SERVER_NAME' => '192.168.1.9'
    'SERVER_ADDR' => '192.168.1.9'
    'SERVER_PORT' => '80'
    'REMOTE_ADDR' => '192.168.1.9'
    'DOCUMENT_ROOT' => 'C:/Users/denis/PhpstormProjects/yii-application/api/web'
    'REQUEST_SCHEME' => 'http'
    'CONTEXT_PREFIX' => ''
    'CONTEXT_DOCUMENT_ROOT' => 'C:/Users/denis/PhpstormProjects/yii-application/api/web'
    'SERVER_ADMIN' => 'admin@example.com'
    'SCRIPT_FILENAME' => 'C:/Users/denis/PhpstormProjects/yii-application/api/web/index.php'
    'REMOTE_PORT' => '51077'
    'REDIRECT_URL' => '/api/get_user'
    'REDIRECT_QUERY_STRING' => 'id=4'
    'GATEWAY_INTERFACE' => 'CGI/1.1'
    'SERVER_PROTOCOL' => 'HTTP/1.1'
    'REQUEST_METHOD' => 'GET'
    'QUERY_STRING' => 'id=4'
    'REQUEST_URI' => '/api/get_user?id=4'
    'SCRIPT_NAME' => '/index.php'
    'PHP_SELF' => '/index.php'
    'REQUEST_TIME_FLOAT' => 1685384327.1461
    'REQUEST_TIME' => 1685384327
]
2023-05-29 18:18:51 [192.168.1.9][-][-][error][yii\base\InvalidCallException] yii\base\InvalidCallException: Unsetting an unknown or read-only property: common\models\User::1 in C:\Users\denis\PhpstormProjects\yii-application\vendor\yiisoft\yii2\base\Component.php:276
Stack trace:
#0 C:\Users\denis\PhpstormProjects\yii-application\vendor\yiisoft\yii2\db\BaseActiveRecord.php(359): yii\base\Component->__unset()
#1 C:\Users\denis\PhpstormProjects\yii-application\vendor\yiisoft\yii2\db\BaseActiveRecord.php(1719): yii\db\BaseActiveRecord->__unset()
#2 C:\Users\denis\PhpstormProjects\yii-application\api\controllers\ApiController.php(26): yii\db\BaseActiveRecord->offsetUnset()
#3 [internal function]: api\controllers\ApiController->actionGet_users()
#4 C:\Users\denis\PhpstormProjects\yii-application\vendor\yiisoft\yii2\base\InlineAction.php(57): call_user_func_array()
#5 C:\Users\denis\PhpstormProjects\yii-application\vendor\yiisoft\yii2\base\Controller.php(178): yii\base\InlineAction->runWithParams()
#6 C:\Users\denis\PhpstormProjects\yii-application\vendor\yiisoft\yii2\base\Module.php(552): yii\base\Controller->runAction()
#7 C:\Users\denis\PhpstormProjects\yii-application\vendor\yiisoft\yii2\web\Application.php(103): yii\base\Module->runAction()
#8 C:\Users\denis\PhpstormProjects\yii-application\vendor\yiisoft\yii2\base\Application.php(384): yii\web\Application->handleRequest()
#9 C:\Users\denis\PhpstormProjects\yii-application\api\web\index.php(18): yii\base\Application->run()
#10 {main}
2023-05-29 18:18:51 [192.168.1.9][-][-][warning][yii\debug\Module::checkAccess] Access to debugger is denied due to IP address restriction. The requesting IP address is 192.168.1.9
2023-05-29 18:18:51 [192.168.1.9][-][-][info][application] $_GET = []

$_POST = []

$_FILES = []

$_COOKIE = [
    '_identity-frontend' => 'ac8d11bccdecd582fa25b7697fd3bc41cc35c8174f0462278aad8b52014d6de0a:2:{i:0;s:18:\"_identity-frontend\";i:1;s:46:\"[4,\"TiIunT6J5fCfUWpAzRFMyizXX0fzvydE\",2592000]\";}'
    '_identity-backend' => '3fa645bb4704740e1ed23fbb9daa46b9da527604b26251ebefb4f7a2640c6342a:2:{i:0;s:17:\"_identity-backend\";i:1;s:46:\"[4,\"TiIunT6J5fCfUWpAzRFMyizXX0fzvydE\",2592000]\";}'
]

$_SERVER = [
    'REDIRECT_STATUS' => '200'
    'HTTP_HOST' => '192.168.1.9'
    'HTTP_CONNECTION' => 'keep-alive'
    'HTTP_UPGRADE_INSECURE_REQUESTS' => '1'
    'HTTP_USER_AGENT' => 'Mozilla/5.0 (Windows NT 10.0; Win64; x64) AppleWebKit/537.36 (KHTML, like Gecko) Chrome/110.0.0.0 YaBrowser/23.3.4.605 Yowser/2.5 Safari/537.36'
    'HTTP_ACCEPT' => 'text/html,application/xhtml+xml,application/xml;q=0.9,image/avif,image/webp,image/apng,*/*;q=0.8,application/signed-exchange;v=b3;q=0.7'
    'HTTP_ACCEPT_ENCODING' => 'gzip, deflate'
    'HTTP_ACCEPT_LANGUAGE' => 'ru,en;q=0.9'
    'HTTP_COOKIE' => '_identity-frontend=ac8d11bccdecd582fa25b7697fd3bc41cc35c8174f0462278aad8b52014d6de0a%3A2%3A%7Bi%3A0%3Bs%3A18%3A%22_identity-frontend%22%3Bi%3A1%3Bs%3A46%3A%22%5B4%2C%22TiIunT6J5fCfUWpAzRFMyizXX0fzvydE%22%2C2592000%5D%22%3B%7D; _identity-backend=3fa645bb4704740e1ed23fbb9daa46b9da527604b26251ebefb4f7a2640c6342a%3A2%3A%7Bi%3A0%3Bs%3A17%3A%22_identity-backend%22%3Bi%3A1%3Bs%3A46%3A%22%5B4%2C%22TiIunT6J5fCfUWpAzRFMyizXX0fzvydE%22%2C2592000%5D%22%3B%7D'
    'PATH' => 'C:\\ProgramData\\Oracle\\Java\\javapath;C:\\Program Files\\Common Files\\Oracle\\Java\\javapath;C:\\Program Files (x86)\\Common Files\\Oracle\\Java\\javapath;C:\\Windows\\system32;C:\\Windows;C:\\Windows\\System32\\Wbem;C:\\Windows\\System32\\WindowsPowerShell\\v1.0\\;C:\\Windows\\System32\\OpenSSH\\;C:\\Program Files\\NVIDIA Corporation\\NVIDIA NvDLISR;C:\\Program Files (x86)\\NVIDIA Corporation\\PhysX\\Common;C:\\Program Files\\Git\\cmd;C:\\Users\\denis\\PhpstormProjects\\PHP;C:\\ProgramData\\ComposerSetup\\bin;C:\\Users\\denis\\PhpstormProjects\\Node\\;C:\\Program Files\\MySQL\\MySQL Shell 8.0\\bin\\;C:\\Users\\denis\\AppData\\Local\\Microsoft\\WindowsApps;C:\\Program Files\\JetBrains\\PhpStorm 2023.1\\bin;C:\\Users\\denis\\AppData\\Roaming\\Composer\\vendor\\bin;C:\\Program Files\\JetBrains\\IntelliJ IDEA Community Edition 2023.1\\bin;C:\\Users\\denis\\AppData\\Roaming\\npm'
    'SystemRoot' => 'C:\\Windows'
    'COMSPEC' => 'C:\\Windows\\system32\\cmd.exe'
    'PATHEXT' => '.COM;.EXE;.BAT;.CMD;.VBS;.VBE;.JS;.JSE;.WSF;.WSH;.MSC'
    'WINDIR' => 'C:\\Windows'
    'SERVER_SIGNATURE' => ''
    'SERVER_SOFTWARE' => 'Apache/2.4.54 (Win64) PHP/7.4.33'
    'SERVER_NAME' => '192.168.1.9'
    'SERVER_ADDR' => '192.168.1.9'
    'SERVER_PORT' => '80'
    'REMOTE_ADDR' => '192.168.1.9'
    'DOCUMENT_ROOT' => 'C:/Users/denis/PhpstormProjects/yii-application/api/web'
    'REQUEST_SCHEME' => 'http'
    'CONTEXT_PREFIX' => ''
    'CONTEXT_DOCUMENT_ROOT' => 'C:/Users/denis/PhpstormProjects/yii-application/api/web'
    'SERVER_ADMIN' => 'admin@example.com'
    'SCRIPT_FILENAME' => 'C:/Users/denis/PhpstormProjects/yii-application/api/web/index.php'
    'REMOTE_PORT' => '51077'
    'REDIRECT_URL' => '/api/get_users'
    'GATEWAY_INTERFACE' => 'CGI/1.1'
    'SERVER_PROTOCOL' => 'HTTP/1.1'
    'REQUEST_METHOD' => 'GET'
    'QUERY_STRING' => ''
    'REQUEST_URI' => '/api/get_users'
    'SCRIPT_NAME' => '/index.php'
    'PHP_SELF' => '/index.php'
    'REQUEST_TIME_FLOAT' => 1685384331.823
    'REQUEST_TIME' => 1685384331
]
2023-05-29 18:19:07 [192.168.1.9][-][-][error][yii\base\InvalidCallException] yii\base\InvalidCallException: Unsetting an unknown or read-only property: common\models\User::1 in C:\Users\denis\PhpstormProjects\yii-application\vendor\yiisoft\yii2\base\Component.php:276
Stack trace:
#0 C:\Users\denis\PhpstormProjects\yii-application\vendor\yiisoft\yii2\db\BaseActiveRecord.php(359): yii\base\Component->__unset()
#1 C:\Users\denis\PhpstormProjects\yii-application\vendor\yiisoft\yii2\db\BaseActiveRecord.php(1719): yii\db\BaseActiveRecord->__unset()
#2 C:\Users\denis\PhpstormProjects\yii-application\api\controllers\ApiController.php(26): yii\db\BaseActiveRecord->offsetUnset()
#3 [internal function]: api\controllers\ApiController->actionGet_users()
#4 C:\Users\denis\PhpstormProjects\yii-application\vendor\yiisoft\yii2\base\InlineAction.php(57): call_user_func_array()
#5 C:\Users\denis\PhpstormProjects\yii-application\vendor\yiisoft\yii2\base\Controller.php(178): yii\base\InlineAction->runWithParams()
#6 C:\Users\denis\PhpstormProjects\yii-application\vendor\yiisoft\yii2\base\Module.php(552): yii\base\Controller->runAction()
#7 C:\Users\denis\PhpstormProjects\yii-application\vendor\yiisoft\yii2\web\Application.php(103): yii\base\Module->runAction()
#8 C:\Users\denis\PhpstormProjects\yii-application\vendor\yiisoft\yii2\base\Application.php(384): yii\web\Application->handleRequest()
#9 C:\Users\denis\PhpstormProjects\yii-application\api\web\index.php(18): yii\base\Application->run()
#10 {main}
2023-05-29 18:19:07 [192.168.1.9][-][-][warning][yii\debug\Module::checkAccess] Access to debugger is denied due to IP address restriction. The requesting IP address is 192.168.1.9
2023-05-29 18:19:07 [192.168.1.9][-][-][info][application] $_GET = []

$_POST = []

$_FILES = []

$_COOKIE = [
    '_identity-frontend' => 'ac8d11bccdecd582fa25b7697fd3bc41cc35c8174f0462278aad8b52014d6de0a:2:{i:0;s:18:\"_identity-frontend\";i:1;s:46:\"[4,\"TiIunT6J5fCfUWpAzRFMyizXX0fzvydE\",2592000]\";}'
    '_identity-backend' => '3fa645bb4704740e1ed23fbb9daa46b9da527604b26251ebefb4f7a2640c6342a:2:{i:0;s:17:\"_identity-backend\";i:1;s:46:\"[4,\"TiIunT6J5fCfUWpAzRFMyizXX0fzvydE\",2592000]\";}'
]

$_SERVER = [
    'REDIRECT_STATUS' => '200'
    'HTTP_HOST' => '192.168.1.9'
    'HTTP_CONNECTION' => 'keep-alive'
    'HTTP_CACHE_CONTROL' => 'max-age=0'
    'HTTP_UPGRADE_INSECURE_REQUESTS' => '1'
    'HTTP_USER_AGENT' => 'Mozilla/5.0 (Windows NT 10.0; Win64; x64) AppleWebKit/537.36 (KHTML, like Gecko) Chrome/110.0.0.0 YaBrowser/23.3.4.605 Yowser/2.5 Safari/537.36'
    'HTTP_ACCEPT' => 'text/html,application/xhtml+xml,application/xml;q=0.9,image/avif,image/webp,image/apng,*/*;q=0.8,application/signed-exchange;v=b3;q=0.7'
    'HTTP_ACCEPT_ENCODING' => 'gzip, deflate'
    'HTTP_ACCEPT_LANGUAGE' => 'ru,en;q=0.9'
    'HTTP_COOKIE' => '_identity-frontend=ac8d11bccdecd582fa25b7697fd3bc41cc35c8174f0462278aad8b52014d6de0a%3A2%3A%7Bi%3A0%3Bs%3A18%3A%22_identity-frontend%22%3Bi%3A1%3Bs%3A46%3A%22%5B4%2C%22TiIunT6J5fCfUWpAzRFMyizXX0fzvydE%22%2C2592000%5D%22%3B%7D; _identity-backend=3fa645bb4704740e1ed23fbb9daa46b9da527604b26251ebefb4f7a2640c6342a%3A2%3A%7Bi%3A0%3Bs%3A17%3A%22_identity-backend%22%3Bi%3A1%3Bs%3A46%3A%22%5B4%2C%22TiIunT6J5fCfUWpAzRFMyizXX0fzvydE%22%2C2592000%5D%22%3B%7D'
    'PATH' => 'C:\\ProgramData\\Oracle\\Java\\javapath;C:\\Program Files\\Common Files\\Oracle\\Java\\javapath;C:\\Program Files (x86)\\Common Files\\Oracle\\Java\\javapath;C:\\Windows\\system32;C:\\Windows;C:\\Windows\\System32\\Wbem;C:\\Windows\\System32\\WindowsPowerShell\\v1.0\\;C:\\Windows\\System32\\OpenSSH\\;C:\\Program Files\\NVIDIA Corporation\\NVIDIA NvDLISR;C:\\Program Files (x86)\\NVIDIA Corporation\\PhysX\\Common;C:\\Program Files\\Git\\cmd;C:\\Users\\denis\\PhpstormProjects\\PHP;C:\\ProgramData\\ComposerSetup\\bin;C:\\Users\\denis\\PhpstormProjects\\Node\\;C:\\Program Files\\MySQL\\MySQL Shell 8.0\\bin\\;C:\\Users\\denis\\AppData\\Local\\Microsoft\\WindowsApps;C:\\Program Files\\JetBrains\\PhpStorm 2023.1\\bin;C:\\Users\\denis\\AppData\\Roaming\\Composer\\vendor\\bin;C:\\Program Files\\JetBrains\\IntelliJ IDEA Community Edition 2023.1\\bin;C:\\Users\\denis\\AppData\\Roaming\\npm'
    'SystemRoot' => 'C:\\Windows'
    'COMSPEC' => 'C:\\Windows\\system32\\cmd.exe'
    'PATHEXT' => '.COM;.EXE;.BAT;.CMD;.VBS;.VBE;.JS;.JSE;.WSF;.WSH;.MSC'
    'WINDIR' => 'C:\\Windows'
    'SERVER_SIGNATURE' => ''
    'SERVER_SOFTWARE' => 'Apache/2.4.54 (Win64) PHP/7.4.33'
    'SERVER_NAME' => '192.168.1.9'
    'SERVER_ADDR' => '192.168.1.9'
    'SERVER_PORT' => '80'
    'REMOTE_ADDR' => '192.168.1.9'
    'DOCUMENT_ROOT' => 'C:/Users/denis/PhpstormProjects/yii-application/api/web'
    'REQUEST_SCHEME' => 'http'
    'CONTEXT_PREFIX' => ''
    'CONTEXT_DOCUMENT_ROOT' => 'C:/Users/denis/PhpstormProjects/yii-application/api/web'
    'SERVER_ADMIN' => 'admin@example.com'
    'SCRIPT_FILENAME' => 'C:/Users/denis/PhpstormProjects/yii-application/api/web/index.php'
    'REMOTE_PORT' => '51078'
    'REDIRECT_URL' => '/api/get_users'
    'GATEWAY_INTERFACE' => 'CGI/1.1'
    'SERVER_PROTOCOL' => 'HTTP/1.1'
    'REQUEST_METHOD' => 'GET'
    'QUERY_STRING' => ''
    'REQUEST_URI' => '/api/get_users'
    'SCRIPT_NAME' => '/index.php'
    'PHP_SELF' => '/index.php'
    'REQUEST_TIME_FLOAT' => 1685384347.1721
    'REQUEST_TIME' => 1685384347
]
2023-05-29 18:23:27 [192.168.1.9][-][-][error][ParseError] ParseError: syntax error, unexpected ';', expecting identifier (T_STRING) or variable (T_VARIABLE) or '{' or '$' in C:\Users\denis\PhpstormProjects\yii-application\api\controllers\ApiController.php:27
Stack trace:
#0 [internal function]: yii\BaseYii::autoload()
#1 [internal function]: spl_autoload_call()
#2 C:\Users\denis\PhpstormProjects\yii-application\vendor\yiisoft\yii2\base\Module.php(661): class_exists()
#3 C:\Users\denis\PhpstormProjects\yii-application\vendor\yiisoft\yii2\base\Module.php(620): yii\base\Module->createControllerByID()
#4 C:\Users\denis\PhpstormProjects\yii-application\vendor\yiisoft\yii2\base\Module.php(546): yii\base\Module->createController()
#5 C:\Users\denis\PhpstormProjects\yii-application\vendor\yiisoft\yii2\web\Application.php(103): yii\base\Module->runAction()
#6 C:\Users\denis\PhpstormProjects\yii-application\vendor\yiisoft\yii2\base\Application.php(384): yii\web\Application->handleRequest()
#7 C:\Users\denis\PhpstormProjects\yii-application\api\web\index.php(18): yii\base\Application->run()
#8 {main}
2023-05-29 18:23:27 [192.168.1.9][-][-][warning][yii\debug\Module::checkAccess] Access to debugger is denied due to IP address restriction. The requesting IP address is 192.168.1.9
2023-05-29 18:23:27 [192.168.1.9][-][-][info][application] $_GET = []

$_POST = []

$_FILES = []

$_COOKIE = [
    '_identity-frontend' => 'ac8d11bccdecd582fa25b7697fd3bc41cc35c8174f0462278aad8b52014d6de0a:2:{i:0;s:18:\"_identity-frontend\";i:1;s:46:\"[4,\"TiIunT6J5fCfUWpAzRFMyizXX0fzvydE\",2592000]\";}'
    '_identity-backend' => '3fa645bb4704740e1ed23fbb9daa46b9da527604b26251ebefb4f7a2640c6342a:2:{i:0;s:17:\"_identity-backend\";i:1;s:46:\"[4,\"TiIunT6J5fCfUWpAzRFMyizXX0fzvydE\",2592000]\";}'
]

$_SERVER = [
    'REDIRECT_STATUS' => '200'
    'HTTP_HOST' => '192.168.1.9'
    'HTTP_CONNECTION' => 'keep-alive'
    'HTTP_CACHE_CONTROL' => 'max-age=0'
    'HTTP_UPGRADE_INSECURE_REQUESTS' => '1'
    'HTTP_USER_AGENT' => 'Mozilla/5.0 (Windows NT 10.0; Win64; x64) AppleWebKit/537.36 (KHTML, like Gecko) Chrome/110.0.0.0 YaBrowser/23.3.4.605 Yowser/2.5 Safari/537.36'
    'HTTP_ACCEPT' => 'text/html,application/xhtml+xml,application/xml;q=0.9,image/avif,image/webp,image/apng,*/*;q=0.8,application/signed-exchange;v=b3;q=0.7'
    'HTTP_ACCEPT_ENCODING' => 'gzip, deflate'
    'HTTP_ACCEPT_LANGUAGE' => 'ru,en;q=0.9'
    'HTTP_COOKIE' => '_identity-frontend=ac8d11bccdecd582fa25b7697fd3bc41cc35c8174f0462278aad8b52014d6de0a%3A2%3A%7Bi%3A0%3Bs%3A18%3A%22_identity-frontend%22%3Bi%3A1%3Bs%3A46%3A%22%5B4%2C%22TiIunT6J5fCfUWpAzRFMyizXX0fzvydE%22%2C2592000%5D%22%3B%7D; _identity-backend=3fa645bb4704740e1ed23fbb9daa46b9da527604b26251ebefb4f7a2640c6342a%3A2%3A%7Bi%3A0%3Bs%3A17%3A%22_identity-backend%22%3Bi%3A1%3Bs%3A46%3A%22%5B4%2C%22TiIunT6J5fCfUWpAzRFMyizXX0fzvydE%22%2C2592000%5D%22%3B%7D'
    'PATH' => 'C:\\ProgramData\\Oracle\\Java\\javapath;C:\\Program Files\\Common Files\\Oracle\\Java\\javapath;C:\\Program Files (x86)\\Common Files\\Oracle\\Java\\javapath;C:\\Windows\\system32;C:\\Windows;C:\\Windows\\System32\\Wbem;C:\\Windows\\System32\\WindowsPowerShell\\v1.0\\;C:\\Windows\\System32\\OpenSSH\\;C:\\Program Files\\NVIDIA Corporation\\NVIDIA NvDLISR;C:\\Program Files (x86)\\NVIDIA Corporation\\PhysX\\Common;C:\\Program Files\\Git\\cmd;C:\\Users\\denis\\PhpstormProjects\\PHP;C:\\ProgramData\\ComposerSetup\\bin;C:\\Users\\denis\\PhpstormProjects\\Node\\;C:\\Program Files\\MySQL\\MySQL Shell 8.0\\bin\\;C:\\Users\\denis\\AppData\\Local\\Microsoft\\WindowsApps;C:\\Program Files\\JetBrains\\PhpStorm 2023.1\\bin;C:\\Users\\denis\\AppData\\Roaming\\Composer\\vendor\\bin;C:\\Program Files\\JetBrains\\IntelliJ IDEA Community Edition 2023.1\\bin;C:\\Users\\denis\\AppData\\Roaming\\npm'
    'SystemRoot' => 'C:\\Windows'
    'COMSPEC' => 'C:\\Windows\\system32\\cmd.exe'
    'PATHEXT' => '.COM;.EXE;.BAT;.CMD;.VBS;.VBE;.JS;.JSE;.WSF;.WSH;.MSC'
    'WINDIR' => 'C:\\Windows'
    'SERVER_SIGNATURE' => ''
    'SERVER_SOFTWARE' => 'Apache/2.4.54 (Win64) PHP/7.4.33'
    'SERVER_NAME' => '192.168.1.9'
    'SERVER_ADDR' => '192.168.1.9'
    'SERVER_PORT' => '80'
    'REMOTE_ADDR' => '192.168.1.9'
    'DOCUMENT_ROOT' => 'C:/Users/denis/PhpstormProjects/yii-application/api/web'
    'REQUEST_SCHEME' => 'http'
    'CONTEXT_PREFIX' => ''
    'CONTEXT_DOCUMENT_ROOT' => 'C:/Users/denis/PhpstormProjects/yii-application/api/web'
    'SERVER_ADMIN' => 'admin@example.com'
    'SCRIPT_FILENAME' => 'C:/Users/denis/PhpstormProjects/yii-application/api/web/index.php'
    'REMOTE_PORT' => '51391'
    'REDIRECT_URL' => '/api/get_users'
    'GATEWAY_INTERFACE' => 'CGI/1.1'
    'SERVER_PROTOCOL' => 'HTTP/1.1'
    'REQUEST_METHOD' => 'GET'
    'QUERY_STRING' => ''
    'REQUEST_URI' => '/api/get_users'
    'SCRIPT_NAME' => '/index.php'
    'PHP_SELF' => '/index.php'
    'REQUEST_TIME_FLOAT' => 1685384607.4676
    'REQUEST_TIME' => 1685384607
]
2023-05-29 18:28:55 [192.168.1.9][-][-][error][yii\base\InvalidCallException] yii\base\InvalidCallException: Unsetting an unknown or read-only property: common\models\User::0 in C:\Users\denis\PhpstormProjects\yii-application\vendor\yiisoft\yii2\base\Component.php:276
Stack trace:
#0 C:\Users\denis\PhpstormProjects\yii-application\vendor\yiisoft\yii2\db\BaseActiveRecord.php(359): yii\base\Component->__unset()
#1 C:\Users\denis\PhpstormProjects\yii-application\vendor\yiisoft\yii2\db\BaseActiveRecord.php(1719): yii\db\BaseActiveRecord->__unset()
#2 C:\Users\denis\PhpstormProjects\yii-application\api\controllers\ApiController.php(26): yii\db\BaseActiveRecord->offsetUnset()
#3 [internal function]: api\controllers\ApiController->actionGet_users()
#4 C:\Users\denis\PhpstormProjects\yii-application\vendor\yiisoft\yii2\base\InlineAction.php(57): call_user_func_array()
#5 C:\Users\denis\PhpstormProjects\yii-application\vendor\yiisoft\yii2\base\Controller.php(178): yii\base\InlineAction->runWithParams()
#6 C:\Users\denis\PhpstormProjects\yii-application\vendor\yiisoft\yii2\base\Module.php(552): yii\base\Controller->runAction()
#7 C:\Users\denis\PhpstormProjects\yii-application\vendor\yiisoft\yii2\web\Application.php(103): yii\base\Module->runAction()
#8 C:\Users\denis\PhpstormProjects\yii-application\vendor\yiisoft\yii2\base\Application.php(384): yii\web\Application->handleRequest()
#9 C:\Users\denis\PhpstormProjects\yii-application\api\web\index.php(18): yii\base\Application->run()
#10 {main}
2023-05-29 18:28:55 [192.168.1.9][-][-][warning][yii\debug\Module::checkAccess] Access to debugger is denied due to IP address restriction. The requesting IP address is 192.168.1.9
2023-05-29 18:28:55 [192.168.1.9][-][-][info][application] $_GET = []

$_POST = []

$_FILES = []

$_COOKIE = [
    '_identity-frontend' => 'ac8d11bccdecd582fa25b7697fd3bc41cc35c8174f0462278aad8b52014d6de0a:2:{i:0;s:18:\"_identity-frontend\";i:1;s:46:\"[4,\"TiIunT6J5fCfUWpAzRFMyizXX0fzvydE\",2592000]\";}'
    '_identity-backend' => '3fa645bb4704740e1ed23fbb9daa46b9da527604b26251ebefb4f7a2640c6342a:2:{i:0;s:17:\"_identity-backend\";i:1;s:46:\"[4,\"TiIunT6J5fCfUWpAzRFMyizXX0fzvydE\",2592000]\";}'
]

$_SERVER = [
    'REDIRECT_STATUS' => '200'
    'HTTP_HOST' => '192.168.1.9'
    'HTTP_CONNECTION' => 'keep-alive'
    'HTTP_CACHE_CONTROL' => 'max-age=0'
    'HTTP_UPGRADE_INSECURE_REQUESTS' => '1'
    'HTTP_USER_AGENT' => 'Mozilla/5.0 (Windows NT 10.0; Win64; x64) AppleWebKit/537.36 (KHTML, like Gecko) Chrome/110.0.0.0 YaBrowser/23.3.4.605 Yowser/2.5 Safari/537.36'
    'HTTP_ACCEPT' => 'text/html,application/xhtml+xml,application/xml;q=0.9,image/avif,image/webp,image/apng,*/*;q=0.8,application/signed-exchange;v=b3;q=0.7'
    'HTTP_ACCEPT_ENCODING' => 'gzip, deflate'
    'HTTP_ACCEPT_LANGUAGE' => 'ru,en;q=0.9'
    'HTTP_COOKIE' => '_identity-frontend=ac8d11bccdecd582fa25b7697fd3bc41cc35c8174f0462278aad8b52014d6de0a%3A2%3A%7Bi%3A0%3Bs%3A18%3A%22_identity-frontend%22%3Bi%3A1%3Bs%3A46%3A%22%5B4%2C%22TiIunT6J5fCfUWpAzRFMyizXX0fzvydE%22%2C2592000%5D%22%3B%7D; _identity-backend=3fa645bb4704740e1ed23fbb9daa46b9da527604b26251ebefb4f7a2640c6342a%3A2%3A%7Bi%3A0%3Bs%3A17%3A%22_identity-backend%22%3Bi%3A1%3Bs%3A46%3A%22%5B4%2C%22TiIunT6J5fCfUWpAzRFMyizXX0fzvydE%22%2C2592000%5D%22%3B%7D'
    'PATH' => 'C:\\ProgramData\\Oracle\\Java\\javapath;C:\\Program Files\\Common Files\\Oracle\\Java\\javapath;C:\\Program Files (x86)\\Common Files\\Oracle\\Java\\javapath;C:\\Windows\\system32;C:\\Windows;C:\\Windows\\System32\\Wbem;C:\\Windows\\System32\\WindowsPowerShell\\v1.0\\;C:\\Windows\\System32\\OpenSSH\\;C:\\Program Files\\NVIDIA Corporation\\NVIDIA NvDLISR;C:\\Program Files (x86)\\NVIDIA Corporation\\PhysX\\Common;C:\\Program Files\\Git\\cmd;C:\\Users\\denis\\PhpstormProjects\\PHP;C:\\ProgramData\\ComposerSetup\\bin;C:\\Users\\denis\\PhpstormProjects\\Node\\;C:\\Program Files\\MySQL\\MySQL Shell 8.0\\bin\\;C:\\Users\\denis\\AppData\\Local\\Microsoft\\WindowsApps;C:\\Program Files\\JetBrains\\PhpStorm 2023.1\\bin;C:\\Users\\denis\\AppData\\Roaming\\Composer\\vendor\\bin;C:\\Program Files\\JetBrains\\IntelliJ IDEA Community Edition 2023.1\\bin;C:\\Users\\denis\\AppData\\Roaming\\npm'
    'SystemRoot' => 'C:\\Windows'
    'COMSPEC' => 'C:\\Windows\\system32\\cmd.exe'
    'PATHEXT' => '.COM;.EXE;.BAT;.CMD;.VBS;.VBE;.JS;.JSE;.WSF;.WSH;.MSC'
    'WINDIR' => 'C:\\Windows'
    'SERVER_SIGNATURE' => ''
    'SERVER_SOFTWARE' => 'Apache/2.4.54 (Win64) PHP/7.4.33'
    'SERVER_NAME' => '192.168.1.9'
    'SERVER_ADDR' => '192.168.1.9'
    'SERVER_PORT' => '80'
    'REMOTE_ADDR' => '192.168.1.9'
    'DOCUMENT_ROOT' => 'C:/Users/denis/PhpstormProjects/yii-application/api/web'
    'REQUEST_SCHEME' => 'http'
    'CONTEXT_PREFIX' => ''
    'CONTEXT_DOCUMENT_ROOT' => 'C:/Users/denis/PhpstormProjects/yii-application/api/web'
    'SERVER_ADMIN' => 'admin@example.com'
    'SCRIPT_FILENAME' => 'C:/Users/denis/PhpstormProjects/yii-application/api/web/index.php'
    'REMOTE_PORT' => '51775'
    'REDIRECT_URL' => '/api/get_users'
    'GATEWAY_INTERFACE' => 'CGI/1.1'
    'SERVER_PROTOCOL' => 'HTTP/1.1'
    'REQUEST_METHOD' => 'GET'
    'QUERY_STRING' => ''
    'REQUEST_URI' => '/api/get_users'
    'SCRIPT_NAME' => '/index.php'
    'PHP_SELF' => '/index.php'
    'REQUEST_TIME_FLOAT' => 1685384935.0549
    'REQUEST_TIME' => 1685384935
]
2023-05-29 18:29:06 [192.168.1.9][-][-][warning][yii\debug\Module::checkAccess] Access to debugger is denied due to IP address restriction. The requesting IP address is 192.168.1.9
2023-05-29 18:29:06 [192.168.1.9][-][-][info][application] $_GET = []

$_POST = []

$_FILES = []

$_COOKIE = [
    '_identity-frontend' => 'ac8d11bccdecd582fa25b7697fd3bc41cc35c8174f0462278aad8b52014d6de0a:2:{i:0;s:18:\"_identity-frontend\";i:1;s:46:\"[4,\"TiIunT6J5fCfUWpAzRFMyizXX0fzvydE\",2592000]\";}'
    '_identity-backend' => '3fa645bb4704740e1ed23fbb9daa46b9da527604b26251ebefb4f7a2640c6342a:2:{i:0;s:17:\"_identity-backend\";i:1;s:46:\"[4,\"TiIunT6J5fCfUWpAzRFMyizXX0fzvydE\",2592000]\";}'
]

$_SERVER = [
    'REDIRECT_STATUS' => '200'
    'HTTP_HOST' => '192.168.1.9'
    'HTTP_CONNECTION' => 'keep-alive'
    'HTTP_CACHE_CONTROL' => 'max-age=0'
    'HTTP_UPGRADE_INSECURE_REQUESTS' => '1'
    'HTTP_USER_AGENT' => 'Mozilla/5.0 (Windows NT 10.0; Win64; x64) AppleWebKit/537.36 (KHTML, like Gecko) Chrome/110.0.0.0 YaBrowser/23.3.4.605 Yowser/2.5 Safari/537.36'
    'HTTP_ACCEPT' => 'text/html,application/xhtml+xml,application/xml;q=0.9,image/avif,image/webp,image/apng,*/*;q=0.8,application/signed-exchange;v=b3;q=0.7'
    'HTTP_ACCEPT_ENCODING' => 'gzip, deflate'
    'HTTP_ACCEPT_LANGUAGE' => 'ru,en;q=0.9'
    'HTTP_COOKIE' => '_identity-frontend=ac8d11bccdecd582fa25b7697fd3bc41cc35c8174f0462278aad8b52014d6de0a%3A2%3A%7Bi%3A0%3Bs%3A18%3A%22_identity-frontend%22%3Bi%3A1%3Bs%3A46%3A%22%5B4%2C%22TiIunT6J5fCfUWpAzRFMyizXX0fzvydE%22%2C2592000%5D%22%3B%7D; _identity-backend=3fa645bb4704740e1ed23fbb9daa46b9da527604b26251ebefb4f7a2640c6342a%3A2%3A%7Bi%3A0%3Bs%3A17%3A%22_identity-backend%22%3Bi%3A1%3Bs%3A46%3A%22%5B4%2C%22TiIunT6J5fCfUWpAzRFMyizXX0fzvydE%22%2C2592000%5D%22%3B%7D'
    'PATH' => 'C:\\ProgramData\\Oracle\\Java\\javapath;C:\\Program Files\\Common Files\\Oracle\\Java\\javapath;C:\\Program Files (x86)\\Common Files\\Oracle\\Java\\javapath;C:\\Windows\\system32;C:\\Windows;C:\\Windows\\System32\\Wbem;C:\\Windows\\System32\\WindowsPowerShell\\v1.0\\;C:\\Windows\\System32\\OpenSSH\\;C:\\Program Files\\NVIDIA Corporation\\NVIDIA NvDLISR;C:\\Program Files (x86)\\NVIDIA Corporation\\PhysX\\Common;C:\\Program Files\\Git\\cmd;C:\\Users\\denis\\PhpstormProjects\\PHP;C:\\ProgramData\\ComposerSetup\\bin;C:\\Users\\denis\\PhpstormProjects\\Node\\;C:\\Program Files\\MySQL\\MySQL Shell 8.0\\bin\\;C:\\Users\\denis\\AppData\\Local\\Microsoft\\WindowsApps;C:\\Program Files\\JetBrains\\PhpStorm 2023.1\\bin;C:\\Users\\denis\\AppData\\Roaming\\Composer\\vendor\\bin;C:\\Program Files\\JetBrains\\IntelliJ IDEA Community Edition 2023.1\\bin;C:\\Users\\denis\\AppData\\Roaming\\npm'
    'SystemRoot' => 'C:\\Windows'
    'COMSPEC' => 'C:\\Windows\\system32\\cmd.exe'
    'PATHEXT' => '.COM;.EXE;.BAT;.CMD;.VBS;.VBE;.JS;.JSE;.WSF;.WSH;.MSC'
    'WINDIR' => 'C:\\Windows'
    'SERVER_SIGNATURE' => ''
    'SERVER_SOFTWARE' => 'Apache/2.4.54 (Win64) PHP/7.4.33'
    'SERVER_NAME' => '192.168.1.9'
    'SERVER_ADDR' => '192.168.1.9'
    'SERVER_PORT' => '80'
    'REMOTE_ADDR' => '192.168.1.9'
    'DOCUMENT_ROOT' => 'C:/Users/denis/PhpstormProjects/yii-application/api/web'
    'REQUEST_SCHEME' => 'http'
    'CONTEXT_PREFIX' => ''
    'CONTEXT_DOCUMENT_ROOT' => 'C:/Users/denis/PhpstormProjects/yii-application/api/web'
    'SERVER_ADMIN' => 'admin@example.com'
    'SCRIPT_FILENAME' => 'C:/Users/denis/PhpstormProjects/yii-application/api/web/index.php'
    'REMOTE_PORT' => '51776'
    'REDIRECT_URL' => '/api/get_users'
    'GATEWAY_INTERFACE' => 'CGI/1.1'
    'SERVER_PROTOCOL' => 'HTTP/1.1'
    'REQUEST_METHOD' => 'GET'
    'QUERY_STRING' => ''
    'REQUEST_URI' => '/api/get_users'
    'SCRIPT_NAME' => '/index.php'
    'PHP_SELF' => '/index.php'
    'REQUEST_TIME_FLOAT' => 1685384946.747
    'REQUEST_TIME' => 1685384946
]
2023-05-29 18:30:23 [192.168.1.9][-][-][error][yii\base\ErrorException:2] yii\base\ErrorException: property_exists() expects parameter 2 to be string, array given in C:\Users\denis\PhpstormProjects\yii-application\vendor\yiisoft\yii2\db\BaseActiveRecord.php:1716
Stack trace:
#0 [internal function]: yii\base\ErrorHandler->handleError()
#1 C:\Users\denis\PhpstormProjects\yii-application\vendor\yiisoft\yii2\db\BaseActiveRecord.php(1716): property_exists()
#2 C:\Users\denis\PhpstormProjects\yii-application\api\controllers\ApiController.php(26): yii\db\BaseActiveRecord->offsetUnset()
#3 [internal function]: api\controllers\ApiController->actionGet_users()
#4 C:\Users\denis\PhpstormProjects\yii-application\vendor\yiisoft\yii2\base\InlineAction.php(57): call_user_func_array()
#5 C:\Users\denis\PhpstormProjects\yii-application\vendor\yiisoft\yii2\base\Controller.php(178): yii\base\InlineAction->runWithParams()
#6 C:\Users\denis\PhpstormProjects\yii-application\vendor\yiisoft\yii2\base\Module.php(552): yii\base\Controller->runAction()
#7 C:\Users\denis\PhpstormProjects\yii-application\vendor\yiisoft\yii2\web\Application.php(103): yii\base\Module->runAction()
#8 C:\Users\denis\PhpstormProjects\yii-application\vendor\yiisoft\yii2\base\Application.php(384): yii\web\Application->handleRequest()
#9 C:\Users\denis\PhpstormProjects\yii-application\api\web\index.php(18): yii\base\Application->run()
#10 {main}
2023-05-29 18:30:23 [192.168.1.9][-][-][warning][yii\debug\Module::checkAccess] Access to debugger is denied due to IP address restriction. The requesting IP address is 192.168.1.9
2023-05-29 18:30:23 [192.168.1.9][-][-][info][application] $_GET = []

$_POST = []

$_FILES = []

$_COOKIE = [
    '_identity-frontend' => 'ac8d11bccdecd582fa25b7697fd3bc41cc35c8174f0462278aad8b52014d6de0a:2:{i:0;s:18:\"_identity-frontend\";i:1;s:46:\"[4,\"TiIunT6J5fCfUWpAzRFMyizXX0fzvydE\",2592000]\";}'
    '_identity-backend' => '3fa645bb4704740e1ed23fbb9daa46b9da527604b26251ebefb4f7a2640c6342a:2:{i:0;s:17:\"_identity-backend\";i:1;s:46:\"[4,\"TiIunT6J5fCfUWpAzRFMyizXX0fzvydE\",2592000]\";}'
]

$_SERVER = [
    'REDIRECT_STATUS' => '200'
    'HTTP_HOST' => '192.168.1.9'
    'HTTP_CONNECTION' => 'keep-alive'
    'HTTP_CACHE_CONTROL' => 'max-age=0'
    'HTTP_UPGRADE_INSECURE_REQUESTS' => '1'
    'HTTP_USER_AGENT' => 'Mozilla/5.0 (Windows NT 10.0; Win64; x64) AppleWebKit/537.36 (KHTML, like Gecko) Chrome/110.0.0.0 YaBrowser/23.3.4.605 Yowser/2.5 Safari/537.36'
    'HTTP_ACCEPT' => 'text/html,application/xhtml+xml,application/xml;q=0.9,image/avif,image/webp,image/apng,*/*;q=0.8,application/signed-exchange;v=b3;q=0.7'
    'HTTP_ACCEPT_ENCODING' => 'gzip, deflate'
    'HTTP_ACCEPT_LANGUAGE' => 'ru,en;q=0.9'
    'HTTP_COOKIE' => '_identity-frontend=ac8d11bccdecd582fa25b7697fd3bc41cc35c8174f0462278aad8b52014d6de0a%3A2%3A%7Bi%3A0%3Bs%3A18%3A%22_identity-frontend%22%3Bi%3A1%3Bs%3A46%3A%22%5B4%2C%22TiIunT6J5fCfUWpAzRFMyizXX0fzvydE%22%2C2592000%5D%22%3B%7D; _identity-backend=3fa645bb4704740e1ed23fbb9daa46b9da527604b26251ebefb4f7a2640c6342a%3A2%3A%7Bi%3A0%3Bs%3A17%3A%22_identity-backend%22%3Bi%3A1%3Bs%3A46%3A%22%5B4%2C%22TiIunT6J5fCfUWpAzRFMyizXX0fzvydE%22%2C2592000%5D%22%3B%7D'
    'PATH' => 'C:\\ProgramData\\Oracle\\Java\\javapath;C:\\Program Files\\Common Files\\Oracle\\Java\\javapath;C:\\Program Files (x86)\\Common Files\\Oracle\\Java\\javapath;C:\\Windows\\system32;C:\\Windows;C:\\Windows\\System32\\Wbem;C:\\Windows\\System32\\WindowsPowerShell\\v1.0\\;C:\\Windows\\System32\\OpenSSH\\;C:\\Program Files\\NVIDIA Corporation\\NVIDIA NvDLISR;C:\\Program Files (x86)\\NVIDIA Corporation\\PhysX\\Common;C:\\Program Files\\Git\\cmd;C:\\Users\\denis\\PhpstormProjects\\PHP;C:\\ProgramData\\ComposerSetup\\bin;C:\\Users\\denis\\PhpstormProjects\\Node\\;C:\\Program Files\\MySQL\\MySQL Shell 8.0\\bin\\;C:\\Users\\denis\\AppData\\Local\\Microsoft\\WindowsApps;C:\\Program Files\\JetBrains\\PhpStorm 2023.1\\bin;C:\\Users\\denis\\AppData\\Roaming\\Composer\\vendor\\bin;C:\\Program Files\\JetBrains\\IntelliJ IDEA Community Edition 2023.1\\bin;C:\\Users\\denis\\AppData\\Roaming\\npm'
    'SystemRoot' => 'C:\\Windows'
    'COMSPEC' => 'C:\\Windows\\system32\\cmd.exe'
    'PATHEXT' => '.COM;.EXE;.BAT;.CMD;.VBS;.VBE;.JS;.JSE;.WSF;.WSH;.MSC'
    'WINDIR' => 'C:\\Windows'
    'SERVER_SIGNATURE' => ''
    'SERVER_SOFTWARE' => 'Apache/2.4.54 (Win64) PHP/7.4.33'
    'SERVER_NAME' => '192.168.1.9'
    'SERVER_ADDR' => '192.168.1.9'
    'SERVER_PORT' => '80'
    'REMOTE_ADDR' => '192.168.1.9'
    'DOCUMENT_ROOT' => 'C:/Users/denis/PhpstormProjects/yii-application/api/web'
    'REQUEST_SCHEME' => 'http'
    'CONTEXT_PREFIX' => ''
    'CONTEXT_DOCUMENT_ROOT' => 'C:/Users/denis/PhpstormProjects/yii-application/api/web'
    'SERVER_ADMIN' => 'admin@example.com'
    'SCRIPT_FILENAME' => 'C:/Users/denis/PhpstormProjects/yii-application/api/web/index.php'
    'REMOTE_PORT' => '51880'
    'REDIRECT_URL' => '/api/get_users'
    'GATEWAY_INTERFACE' => 'CGI/1.1'
    'SERVER_PROTOCOL' => 'HTTP/1.1'
    'REQUEST_METHOD' => 'GET'
    'QUERY_STRING' => ''
    'REQUEST_URI' => '/api/get_users'
    'SCRIPT_NAME' => '/index.php'
    'PHP_SELF' => '/index.php'
    'REQUEST_TIME_FLOAT' => 1685385023.4706
    'REQUEST_TIME' => 1685385023
]
2023-05-29 18:30:39 [192.168.1.9][-][-][error][yii\base\ErrorException:2] yii\base\ErrorException: property_exists() expects parameter 2 to be string, array given in C:\Users\denis\PhpstormProjects\yii-application\vendor\yiisoft\yii2\db\BaseActiveRecord.php:1716
Stack trace:
#0 [internal function]: yii\base\ErrorHandler->handleError()
#1 C:\Users\denis\PhpstormProjects\yii-application\vendor\yiisoft\yii2\db\BaseActiveRecord.php(1716): property_exists()
#2 C:\Users\denis\PhpstormProjects\yii-application\api\controllers\ApiController.php(26): yii\db\BaseActiveRecord->offsetUnset()
#3 [internal function]: api\controllers\ApiController->actionGet_users()
#4 C:\Users\denis\PhpstormProjects\yii-application\vendor\yiisoft\yii2\base\InlineAction.php(57): call_user_func_array()
#5 C:\Users\denis\PhpstormProjects\yii-application\vendor\yiisoft\yii2\base\Controller.php(178): yii\base\InlineAction->runWithParams()
#6 C:\Users\denis\PhpstormProjects\yii-application\vendor\yiisoft\yii2\base\Module.php(552): yii\base\Controller->runAction()
#7 C:\Users\denis\PhpstormProjects\yii-application\vendor\yiisoft\yii2\web\Application.php(103): yii\base\Module->runAction()
#8 C:\Users\denis\PhpstormProjects\yii-application\vendor\yiisoft\yii2\base\Application.php(384): yii\web\Application->handleRequest()
#9 C:\Users\denis\PhpstormProjects\yii-application\api\web\index.php(18): yii\base\Application->run()
#10 {main}
2023-05-29 18:30:39 [192.168.1.9][-][-][warning][yii\debug\Module::checkAccess] Access to debugger is denied due to IP address restriction. The requesting IP address is 192.168.1.9
2023-05-29 18:30:39 [192.168.1.9][-][-][info][application] $_GET = []

$_POST = []

$_FILES = []

$_COOKIE = [
    '_identity-frontend' => 'ac8d11bccdecd582fa25b7697fd3bc41cc35c8174f0462278aad8b52014d6de0a:2:{i:0;s:18:\"_identity-frontend\";i:1;s:46:\"[4,\"TiIunT6J5fCfUWpAzRFMyizXX0fzvydE\",2592000]\";}'
    '_identity-backend' => '3fa645bb4704740e1ed23fbb9daa46b9da527604b26251ebefb4f7a2640c6342a:2:{i:0;s:17:\"_identity-backend\";i:1;s:46:\"[4,\"TiIunT6J5fCfUWpAzRFMyizXX0fzvydE\",2592000]\";}'
]

$_SERVER = [
    'REDIRECT_STATUS' => '200'
    'HTTP_HOST' => '192.168.1.9'
    'HTTP_CONNECTION' => 'keep-alive'
    'HTTP_CACHE_CONTROL' => 'max-age=0'
    'HTTP_UPGRADE_INSECURE_REQUESTS' => '1'
    'HTTP_USER_AGENT' => 'Mozilla/5.0 (Windows NT 10.0; Win64; x64) AppleWebKit/537.36 (KHTML, like Gecko) Chrome/110.0.0.0 YaBrowser/23.3.4.605 Yowser/2.5 Safari/537.36'
    'HTTP_ACCEPT' => 'text/html,application/xhtml+xml,application/xml;q=0.9,image/avif,image/webp,image/apng,*/*;q=0.8,application/signed-exchange;v=b3;q=0.7'
    'HTTP_ACCEPT_ENCODING' => 'gzip, deflate'
    'HTTP_ACCEPT_LANGUAGE' => 'ru,en;q=0.9'
    'HTTP_COOKIE' => '_identity-frontend=ac8d11bccdecd582fa25b7697fd3bc41cc35c8174f0462278aad8b52014d6de0a%3A2%3A%7Bi%3A0%3Bs%3A18%3A%22_identity-frontend%22%3Bi%3A1%3Bs%3A46%3A%22%5B4%2C%22TiIunT6J5fCfUWpAzRFMyizXX0fzvydE%22%2C2592000%5D%22%3B%7D; _identity-backend=3fa645bb4704740e1ed23fbb9daa46b9da527604b26251ebefb4f7a2640c6342a%3A2%3A%7Bi%3A0%3Bs%3A17%3A%22_identity-backend%22%3Bi%3A1%3Bs%3A46%3A%22%5B4%2C%22TiIunT6J5fCfUWpAzRFMyizXX0fzvydE%22%2C2592000%5D%22%3B%7D'
    'PATH' => 'C:\\ProgramData\\Oracle\\Java\\javapath;C:\\Program Files\\Common Files\\Oracle\\Java\\javapath;C:\\Program Files (x86)\\Common Files\\Oracle\\Java\\javapath;C:\\Windows\\system32;C:\\Windows;C:\\Windows\\System32\\Wbem;C:\\Windows\\System32\\WindowsPowerShell\\v1.0\\;C:\\Windows\\System32\\OpenSSH\\;C:\\Program Files\\NVIDIA Corporation\\NVIDIA NvDLISR;C:\\Program Files (x86)\\NVIDIA Corporation\\PhysX\\Common;C:\\Program Files\\Git\\cmd;C:\\Users\\denis\\PhpstormProjects\\PHP;C:\\ProgramData\\ComposerSetup\\bin;C:\\Users\\denis\\PhpstormProjects\\Node\\;C:\\Program Files\\MySQL\\MySQL Shell 8.0\\bin\\;C:\\Users\\denis\\AppData\\Local\\Microsoft\\WindowsApps;C:\\Program Files\\JetBrains\\PhpStorm 2023.1\\bin;C:\\Users\\denis\\AppData\\Roaming\\Composer\\vendor\\bin;C:\\Program Files\\JetBrains\\IntelliJ IDEA Community Edition 2023.1\\bin;C:\\Users\\denis\\AppData\\Roaming\\npm'
    'SystemRoot' => 'C:\\Windows'
    'COMSPEC' => 'C:\\Windows\\system32\\cmd.exe'
    'PATHEXT' => '.COM;.EXE;.BAT;.CMD;.VBS;.VBE;.JS;.JSE;.WSF;.WSH;.MSC'
    'WINDIR' => 'C:\\Windows'
    'SERVER_SIGNATURE' => ''
    'SERVER_SOFTWARE' => 'Apache/2.4.54 (Win64) PHP/7.4.33'
    'SERVER_NAME' => '192.168.1.9'
    'SERVER_ADDR' => '192.168.1.9'
    'SERVER_PORT' => '80'
    'REMOTE_ADDR' => '192.168.1.9'
    'DOCUMENT_ROOT' => 'C:/Users/denis/PhpstormProjects/yii-application/api/web'
    'REQUEST_SCHEME' => 'http'
    'CONTEXT_PREFIX' => ''
    'CONTEXT_DOCUMENT_ROOT' => 'C:/Users/denis/PhpstormProjects/yii-application/api/web'
    'SERVER_ADMIN' => 'admin@example.com'
    'SCRIPT_FILENAME' => 'C:/Users/denis/PhpstormProjects/yii-application/api/web/index.php'
    'REMOTE_PORT' => '51881'
    'REDIRECT_URL' => '/api/get_users'
    'GATEWAY_INTERFACE' => 'CGI/1.1'
    'SERVER_PROTOCOL' => 'HTTP/1.1'
    'REQUEST_METHOD' => 'GET'
    'QUERY_STRING' => ''
    'REQUEST_URI' => '/api/get_users'
    'SCRIPT_NAME' => '/index.php'
    'PHP_SELF' => '/index.php'
    'REQUEST_TIME_FLOAT' => 1685385039.0353
    'REQUEST_TIME' => 1685385039
]
2023-05-29 18:30:46 [192.168.1.9][-][-][warning][yii\debug\Module::checkAccess] Access to debugger is denied due to IP address restriction. The requesting IP address is 192.168.1.9
2023-05-29 18:30:46 [192.168.1.9][-][-][info][application] $_GET = []

$_POST = []

$_FILES = []

$_COOKIE = [
    '_identity-frontend' => 'ac8d11bccdecd582fa25b7697fd3bc41cc35c8174f0462278aad8b52014d6de0a:2:{i:0;s:18:\"_identity-frontend\";i:1;s:46:\"[4,\"TiIunT6J5fCfUWpAzRFMyizXX0fzvydE\",2592000]\";}'
    '_identity-backend' => '3fa645bb4704740e1ed23fbb9daa46b9da527604b26251ebefb4f7a2640c6342a:2:{i:0;s:17:\"_identity-backend\";i:1;s:46:\"[4,\"TiIunT6J5fCfUWpAzRFMyizXX0fzvydE\",2592000]\";}'
]

$_SERVER = [
    'REDIRECT_STATUS' => '200'
    'HTTP_HOST' => '192.168.1.9'
    'HTTP_CONNECTION' => 'keep-alive'
    'HTTP_CACHE_CONTROL' => 'max-age=0'
    'HTTP_UPGRADE_INSECURE_REQUESTS' => '1'
    'HTTP_USER_AGENT' => 'Mozilla/5.0 (Windows NT 10.0; Win64; x64) AppleWebKit/537.36 (KHTML, like Gecko) Chrome/110.0.0.0 YaBrowser/23.3.4.605 Yowser/2.5 Safari/537.36'
    'HTTP_ACCEPT' => 'text/html,application/xhtml+xml,application/xml;q=0.9,image/avif,image/webp,image/apng,*/*;q=0.8,application/signed-exchange;v=b3;q=0.7'
    'HTTP_ACCEPT_ENCODING' => 'gzip, deflate'
    'HTTP_ACCEPT_LANGUAGE' => 'ru,en;q=0.9'
    'HTTP_COOKIE' => '_identity-frontend=ac8d11bccdecd582fa25b7697fd3bc41cc35c8174f0462278aad8b52014d6de0a%3A2%3A%7Bi%3A0%3Bs%3A18%3A%22_identity-frontend%22%3Bi%3A1%3Bs%3A46%3A%22%5B4%2C%22TiIunT6J5fCfUWpAzRFMyizXX0fzvydE%22%2C2592000%5D%22%3B%7D; _identity-backend=3fa645bb4704740e1ed23fbb9daa46b9da527604b26251ebefb4f7a2640c6342a%3A2%3A%7Bi%3A0%3Bs%3A17%3A%22_identity-backend%22%3Bi%3A1%3Bs%3A46%3A%22%5B4%2C%22TiIunT6J5fCfUWpAzRFMyizXX0fzvydE%22%2C2592000%5D%22%3B%7D'
    'PATH' => 'C:\\ProgramData\\Oracle\\Java\\javapath;C:\\Program Files\\Common Files\\Oracle\\Java\\javapath;C:\\Program Files (x86)\\Common Files\\Oracle\\Java\\javapath;C:\\Windows\\system32;C:\\Windows;C:\\Windows\\System32\\Wbem;C:\\Windows\\System32\\WindowsPowerShell\\v1.0\\;C:\\Windows\\System32\\OpenSSH\\;C:\\Program Files\\NVIDIA Corporation\\NVIDIA NvDLISR;C:\\Program Files (x86)\\NVIDIA Corporation\\PhysX\\Common;C:\\Program Files\\Git\\cmd;C:\\Users\\denis\\PhpstormProjects\\PHP;C:\\ProgramData\\ComposerSetup\\bin;C:\\Users\\denis\\PhpstormProjects\\Node\\;C:\\Program Files\\MySQL\\MySQL Shell 8.0\\bin\\;C:\\Users\\denis\\AppData\\Local\\Microsoft\\WindowsApps;C:\\Program Files\\JetBrains\\PhpStorm 2023.1\\bin;C:\\Users\\denis\\AppData\\Roaming\\Composer\\vendor\\bin;C:\\Program Files\\JetBrains\\IntelliJ IDEA Community Edition 2023.1\\bin;C:\\Users\\denis\\AppData\\Roaming\\npm'
    'SystemRoot' => 'C:\\Windows'
    'COMSPEC' => 'C:\\Windows\\system32\\cmd.exe'
    'PATHEXT' => '.COM;.EXE;.BAT;.CMD;.VBS;.VBE;.JS;.JSE;.WSF;.WSH;.MSC'
    'WINDIR' => 'C:\\Windows'
    'SERVER_SIGNATURE' => ''
    'SERVER_SOFTWARE' => 'Apache/2.4.54 (Win64) PHP/7.4.33'
    'SERVER_NAME' => '192.168.1.9'
    'SERVER_ADDR' => '192.168.1.9'
    'SERVER_PORT' => '80'
    'REMOTE_ADDR' => '192.168.1.9'
    'DOCUMENT_ROOT' => 'C:/Users/denis/PhpstormProjects/yii-application/api/web'
    'REQUEST_SCHEME' => 'http'
    'CONTEXT_PREFIX' => ''
    'CONTEXT_DOCUMENT_ROOT' => 'C:/Users/denis/PhpstormProjects/yii-application/api/web'
    'SERVER_ADMIN' => 'admin@example.com'
    'SCRIPT_FILENAME' => 'C:/Users/denis/PhpstormProjects/yii-application/api/web/index.php'
    'REMOTE_PORT' => '51904'
    'REDIRECT_URL' => '/api/get_users'
    'GATEWAY_INTERFACE' => 'CGI/1.1'
    'SERVER_PROTOCOL' => 'HTTP/1.1'
    'REQUEST_METHOD' => 'GET'
    'QUERY_STRING' => ''
    'REQUEST_URI' => '/api/get_users'
    'SCRIPT_NAME' => '/index.php'
    'PHP_SELF' => '/index.php'
    'REQUEST_TIME_FLOAT' => 1685385046.0314
    'REQUEST_TIME' => 1685385046
]
2023-05-29 18:33:07 [192.168.1.9][-][-][warning][yii\debug\Module::checkAccess] Access to debugger is denied due to IP address restriction. The requesting IP address is 192.168.1.9
2023-05-29 18:33:07 [192.168.1.9][-][-][info][application] $_GET = []

$_POST = []

$_FILES = []

$_COOKIE = [
    '_identity-frontend' => 'ac8d11bccdecd582fa25b7697fd3bc41cc35c8174f0462278aad8b52014d6de0a:2:{i:0;s:18:\"_identity-frontend\";i:1;s:46:\"[4,\"TiIunT6J5fCfUWpAzRFMyizXX0fzvydE\",2592000]\";}'
    '_identity-backend' => '3fa645bb4704740e1ed23fbb9daa46b9da527604b26251ebefb4f7a2640c6342a:2:{i:0;s:17:\"_identity-backend\";i:1;s:46:\"[4,\"TiIunT6J5fCfUWpAzRFMyizXX0fzvydE\",2592000]\";}'
]

$_SERVER = [
    'REDIRECT_STATUS' => '200'
    'HTTP_HOST' => '192.168.1.9'
    'HTTP_CONNECTION' => 'keep-alive'
    'HTTP_CACHE_CONTROL' => 'max-age=0'
    'HTTP_UPGRADE_INSECURE_REQUESTS' => '1'
    'HTTP_USER_AGENT' => 'Mozilla/5.0 (Windows NT 10.0; Win64; x64) AppleWebKit/537.36 (KHTML, like Gecko) Chrome/110.0.0.0 YaBrowser/23.3.4.605 Yowser/2.5 Safari/537.36'
    'HTTP_ACCEPT' => 'text/html,application/xhtml+xml,application/xml;q=0.9,image/avif,image/webp,image/apng,*/*;q=0.8,application/signed-exchange;v=b3;q=0.7'
    'HTTP_ACCEPT_ENCODING' => 'gzip, deflate'
    'HTTP_ACCEPT_LANGUAGE' => 'ru,en;q=0.9'
    'HTTP_COOKIE' => '_identity-frontend=ac8d11bccdecd582fa25b7697fd3bc41cc35c8174f0462278aad8b52014d6de0a%3A2%3A%7Bi%3A0%3Bs%3A18%3A%22_identity-frontend%22%3Bi%3A1%3Bs%3A46%3A%22%5B4%2C%22TiIunT6J5fCfUWpAzRFMyizXX0fzvydE%22%2C2592000%5D%22%3B%7D; _identity-backend=3fa645bb4704740e1ed23fbb9daa46b9da527604b26251ebefb4f7a2640c6342a%3A2%3A%7Bi%3A0%3Bs%3A17%3A%22_identity-backend%22%3Bi%3A1%3Bs%3A46%3A%22%5B4%2C%22TiIunT6J5fCfUWpAzRFMyizXX0fzvydE%22%2C2592000%5D%22%3B%7D'
    'PATH' => 'C:\\ProgramData\\Oracle\\Java\\javapath;C:\\Program Files\\Common Files\\Oracle\\Java\\javapath;C:\\Program Files (x86)\\Common Files\\Oracle\\Java\\javapath;C:\\Windows\\system32;C:\\Windows;C:\\Windows\\System32\\Wbem;C:\\Windows\\System32\\WindowsPowerShell\\v1.0\\;C:\\Windows\\System32\\OpenSSH\\;C:\\Program Files\\NVIDIA Corporation\\NVIDIA NvDLISR;C:\\Program Files (x86)\\NVIDIA Corporation\\PhysX\\Common;C:\\Program Files\\Git\\cmd;C:\\Users\\denis\\PhpstormProjects\\PHP;C:\\ProgramData\\ComposerSetup\\bin;C:\\Users\\denis\\PhpstormProjects\\Node\\;C:\\Program Files\\MySQL\\MySQL Shell 8.0\\bin\\;C:\\Users\\denis\\AppData\\Local\\Microsoft\\WindowsApps;C:\\Program Files\\JetBrains\\PhpStorm 2023.1\\bin;C:\\Users\\denis\\AppData\\Roaming\\Composer\\vendor\\bin;C:\\Program Files\\JetBrains\\IntelliJ IDEA Community Edition 2023.1\\bin;C:\\Users\\denis\\AppData\\Roaming\\npm'
    'SystemRoot' => 'C:\\Windows'
    'COMSPEC' => 'C:\\Windows\\system32\\cmd.exe'
    'PATHEXT' => '.COM;.EXE;.BAT;.CMD;.VBS;.VBE;.JS;.JSE;.WSF;.WSH;.MSC'
    'WINDIR' => 'C:\\Windows'
    'SERVER_SIGNATURE' => ''
    'SERVER_SOFTWARE' => 'Apache/2.4.54 (Win64) PHP/7.4.33'
    'SERVER_NAME' => '192.168.1.9'
    'SERVER_ADDR' => '192.168.1.9'
    'SERVER_PORT' => '80'
    'REMOTE_ADDR' => '192.168.1.9'
    'DOCUMENT_ROOT' => 'C:/Users/denis/PhpstormProjects/yii-application/api/web'
    'REQUEST_SCHEME' => 'http'
    'CONTEXT_PREFIX' => ''
    'CONTEXT_DOCUMENT_ROOT' => 'C:/Users/denis/PhpstormProjects/yii-application/api/web'
    'SERVER_ADMIN' => 'admin@example.com'
    'SCRIPT_FILENAME' => 'C:/Users/denis/PhpstormProjects/yii-application/api/web/index.php'
    'REMOTE_PORT' => '52042'
    'REDIRECT_URL' => '/api/get_users'
    'GATEWAY_INTERFACE' => 'CGI/1.1'
    'SERVER_PROTOCOL' => 'HTTP/1.1'
    'REQUEST_METHOD' => 'GET'
    'QUERY_STRING' => ''
    'REQUEST_URI' => '/api/get_users'
    'SCRIPT_NAME' => '/index.php'
    'PHP_SELF' => '/index.php'
    'REQUEST_TIME_FLOAT' => 1685385187.877
    'REQUEST_TIME' => 1685385187
]
2023-05-29 18:34:37 [192.168.1.9][-][-][warning][yii\debug\Module::checkAccess] Access to debugger is denied due to IP address restriction. The requesting IP address is 192.168.1.9
2023-05-29 18:34:37 [192.168.1.9][-][-][info][application] $_GET = [
    'id' => '4'
]

$_POST = []

$_FILES = []

$_COOKIE = [
    '_identity-frontend' => 'ac8d11bccdecd582fa25b7697fd3bc41cc35c8174f0462278aad8b52014d6de0a:2:{i:0;s:18:\"_identity-frontend\";i:1;s:46:\"[4,\"TiIunT6J5fCfUWpAzRFMyizXX0fzvydE\",2592000]\";}'
    '_identity-backend' => '3fa645bb4704740e1ed23fbb9daa46b9da527604b26251ebefb4f7a2640c6342a:2:{i:0;s:17:\"_identity-backend\";i:1;s:46:\"[4,\"TiIunT6J5fCfUWpAzRFMyizXX0fzvydE\",2592000]\";}'
]

$_SERVER = [
    'REDIRECT_STATUS' => '200'
    'HTTP_HOST' => '192.168.1.9'
    'HTTP_CONNECTION' => 'keep-alive'
    'HTTP_UPGRADE_INSECURE_REQUESTS' => '1'
    'HTTP_USER_AGENT' => 'Mozilla/5.0 (Windows NT 10.0; Win64; x64) AppleWebKit/537.36 (KHTML, like Gecko) Chrome/110.0.0.0 YaBrowser/23.3.4.605 Yowser/2.5 Safari/537.36'
    'HTTP_ACCEPT' => 'text/html,application/xhtml+xml,application/xml;q=0.9,image/avif,image/webp,image/apng,*/*;q=0.8,application/signed-exchange;v=b3;q=0.7'
    'HTTP_ACCEPT_ENCODING' => 'gzip, deflate'
    'HTTP_ACCEPT_LANGUAGE' => 'ru,en;q=0.9'
    'HTTP_COOKIE' => '_identity-frontend=ac8d11bccdecd582fa25b7697fd3bc41cc35c8174f0462278aad8b52014d6de0a%3A2%3A%7Bi%3A0%3Bs%3A18%3A%22_identity-frontend%22%3Bi%3A1%3Bs%3A46%3A%22%5B4%2C%22TiIunT6J5fCfUWpAzRFMyizXX0fzvydE%22%2C2592000%5D%22%3B%7D; _identity-backend=3fa645bb4704740e1ed23fbb9daa46b9da527604b26251ebefb4f7a2640c6342a%3A2%3A%7Bi%3A0%3Bs%3A17%3A%22_identity-backend%22%3Bi%3A1%3Bs%3A46%3A%22%5B4%2C%22TiIunT6J5fCfUWpAzRFMyizXX0fzvydE%22%2C2592000%5D%22%3B%7D'
    'PATH' => 'C:\\ProgramData\\Oracle\\Java\\javapath;C:\\Program Files\\Common Files\\Oracle\\Java\\javapath;C:\\Program Files (x86)\\Common Files\\Oracle\\Java\\javapath;C:\\Windows\\system32;C:\\Windows;C:\\Windows\\System32\\Wbem;C:\\Windows\\System32\\WindowsPowerShell\\v1.0\\;C:\\Windows\\System32\\OpenSSH\\;C:\\Program Files\\NVIDIA Corporation\\NVIDIA NvDLISR;C:\\Program Files (x86)\\NVIDIA Corporation\\PhysX\\Common;C:\\Program Files\\Git\\cmd;C:\\Users\\denis\\PhpstormProjects\\PHP;C:\\ProgramData\\ComposerSetup\\bin;C:\\Users\\denis\\PhpstormProjects\\Node\\;C:\\Program Files\\MySQL\\MySQL Shell 8.0\\bin\\;C:\\Users\\denis\\AppData\\Local\\Microsoft\\WindowsApps;C:\\Program Files\\JetBrains\\PhpStorm 2023.1\\bin;C:\\Users\\denis\\AppData\\Roaming\\Composer\\vendor\\bin;C:\\Program Files\\JetBrains\\IntelliJ IDEA Community Edition 2023.1\\bin;C:\\Users\\denis\\AppData\\Roaming\\npm'
    'SystemRoot' => 'C:\\Windows'
    'COMSPEC' => 'C:\\Windows\\system32\\cmd.exe'
    'PATHEXT' => '.COM;.EXE;.BAT;.CMD;.VBS;.VBE;.JS;.JSE;.WSF;.WSH;.MSC'
    'WINDIR' => 'C:\\Windows'
    'SERVER_SIGNATURE' => ''
    'SERVER_SOFTWARE' => 'Apache/2.4.54 (Win64) PHP/7.4.33'
    'SERVER_NAME' => '192.168.1.9'
    'SERVER_ADDR' => '192.168.1.9'
    'SERVER_PORT' => '80'
    'REMOTE_ADDR' => '192.168.1.9'
    'DOCUMENT_ROOT' => 'C:/Users/denis/PhpstormProjects/yii-application/api/web'
    'REQUEST_SCHEME' => 'http'
    'CONTEXT_PREFIX' => ''
    'CONTEXT_DOCUMENT_ROOT' => 'C:/Users/denis/PhpstormProjects/yii-application/api/web'
    'SERVER_ADMIN' => 'admin@example.com'
    'SCRIPT_FILENAME' => 'C:/Users/denis/PhpstormProjects/yii-application/api/web/index.php'
    'REMOTE_PORT' => '52116'
    'REDIRECT_URL' => '/api/get_user'
    'REDIRECT_QUERY_STRING' => 'id=4'
    'GATEWAY_INTERFACE' => 'CGI/1.1'
    'SERVER_PROTOCOL' => 'HTTP/1.1'
    'REQUEST_METHOD' => 'GET'
    'QUERY_STRING' => 'id=4'
    'REQUEST_URI' => '/api/get_user?id=4'
    'SCRIPT_NAME' => '/index.php'
    'PHP_SELF' => '/index.php'
    'REQUEST_TIME_FLOAT' => 1685385277.2031
    'REQUEST_TIME' => 1685385277
]
2023-05-29 18:34:49 [192.168.1.9][-][-][warning][yii\debug\Module::checkAccess] Access to debugger is denied due to IP address restriction. The requesting IP address is 192.168.1.9
2023-05-29 18:34:49 [192.168.1.9][-][-][info][application] $_GET = []

$_POST = []

$_FILES = []

$_COOKIE = [
    '_identity-frontend' => 'ac8d11bccdecd582fa25b7697fd3bc41cc35c8174f0462278aad8b52014d6de0a:2:{i:0;s:18:\"_identity-frontend\";i:1;s:46:\"[4,\"TiIunT6J5fCfUWpAzRFMyizXX0fzvydE\",2592000]\";}'
    '_identity-backend' => '3fa645bb4704740e1ed23fbb9daa46b9da527604b26251ebefb4f7a2640c6342a:2:{i:0;s:17:\"_identity-backend\";i:1;s:46:\"[4,\"TiIunT6J5fCfUWpAzRFMyizXX0fzvydE\",2592000]\";}'
]

$_SERVER = [
    'REDIRECT_STATUS' => '200'
    'HTTP_HOST' => '192.168.1.9'
    'HTTP_CONNECTION' => 'keep-alive'
    'HTTP_UPGRADE_INSECURE_REQUESTS' => '1'
    'HTTP_USER_AGENT' => 'Mozilla/5.0 (Windows NT 10.0; Win64; x64) AppleWebKit/537.36 (KHTML, like Gecko) Chrome/110.0.0.0 YaBrowser/23.3.4.605 Yowser/2.5 Safari/537.36'
    'HTTP_ACCEPT' => 'text/html,application/xhtml+xml,application/xml;q=0.9,image/avif,image/webp,image/apng,*/*;q=0.8,application/signed-exchange;v=b3;q=0.7'
    'HTTP_ACCEPT_ENCODING' => 'gzip, deflate'
    'HTTP_ACCEPT_LANGUAGE' => 'ru,en;q=0.9'
    'HTTP_COOKIE' => '_identity-frontend=ac8d11bccdecd582fa25b7697fd3bc41cc35c8174f0462278aad8b52014d6de0a%3A2%3A%7Bi%3A0%3Bs%3A18%3A%22_identity-frontend%22%3Bi%3A1%3Bs%3A46%3A%22%5B4%2C%22TiIunT6J5fCfUWpAzRFMyizXX0fzvydE%22%2C2592000%5D%22%3B%7D; _identity-backend=3fa645bb4704740e1ed23fbb9daa46b9da527604b26251ebefb4f7a2640c6342a%3A2%3A%7Bi%3A0%3Bs%3A17%3A%22_identity-backend%22%3Bi%3A1%3Bs%3A46%3A%22%5B4%2C%22TiIunT6J5fCfUWpAzRFMyizXX0fzvydE%22%2C2592000%5D%22%3B%7D'
    'PATH' => 'C:\\ProgramData\\Oracle\\Java\\javapath;C:\\Program Files\\Common Files\\Oracle\\Java\\javapath;C:\\Program Files (x86)\\Common Files\\Oracle\\Java\\javapath;C:\\Windows\\system32;C:\\Windows;C:\\Windows\\System32\\Wbem;C:\\Windows\\System32\\WindowsPowerShell\\v1.0\\;C:\\Windows\\System32\\OpenSSH\\;C:\\Program Files\\NVIDIA Corporation\\NVIDIA NvDLISR;C:\\Program Files (x86)\\NVIDIA Corporation\\PhysX\\Common;C:\\Program Files\\Git\\cmd;C:\\Users\\denis\\PhpstormProjects\\PHP;C:\\ProgramData\\ComposerSetup\\bin;C:\\Users\\denis\\PhpstormProjects\\Node\\;C:\\Program Files\\MySQL\\MySQL Shell 8.0\\bin\\;C:\\Users\\denis\\AppData\\Local\\Microsoft\\WindowsApps;C:\\Program Files\\JetBrains\\PhpStorm 2023.1\\bin;C:\\Users\\denis\\AppData\\Roaming\\Composer\\vendor\\bin;C:\\Program Files\\JetBrains\\IntelliJ IDEA Community Edition 2023.1\\bin;C:\\Users\\denis\\AppData\\Roaming\\npm'
    'SystemRoot' => 'C:\\Windows'
    'COMSPEC' => 'C:\\Windows\\system32\\cmd.exe'
    'PATHEXT' => '.COM;.EXE;.BAT;.CMD;.VBS;.VBE;.JS;.JSE;.WSF;.WSH;.MSC'
    'WINDIR' => 'C:\\Windows'
    'SERVER_SIGNATURE' => ''
    'SERVER_SOFTWARE' => 'Apache/2.4.54 (Win64) PHP/7.4.33'
    'SERVER_NAME' => '192.168.1.9'
    'SERVER_ADDR' => '192.168.1.9'
    'SERVER_PORT' => '80'
    'REMOTE_ADDR' => '192.168.1.9'
    'DOCUMENT_ROOT' => 'C:/Users/denis/PhpstormProjects/yii-application/api/web'
    'REQUEST_SCHEME' => 'http'
    'CONTEXT_PREFIX' => ''
    'CONTEXT_DOCUMENT_ROOT' => 'C:/Users/denis/PhpstormProjects/yii-application/api/web'
    'SERVER_ADMIN' => 'admin@example.com'
    'SCRIPT_FILENAME' => 'C:/Users/denis/PhpstormProjects/yii-application/api/web/index.php'
    'REMOTE_PORT' => '52117'
    'REDIRECT_URL' => '/api/get_posts'
    'GATEWAY_INTERFACE' => 'CGI/1.1'
    'SERVER_PROTOCOL' => 'HTTP/1.1'
    'REQUEST_METHOD' => 'GET'
    'QUERY_STRING' => ''
    'REQUEST_URI' => '/api/get_posts'
    'SCRIPT_NAME' => '/index.php'
    'PHP_SELF' => '/index.php'
    'REQUEST_TIME_FLOAT' => 1685385289.8122
    'REQUEST_TIME' => 1685385289
]
2023-05-29 18:35:47 [192.168.1.9][-][-][error][yii\base\ErrorException:8] yii\base\ErrorException: Trying to get property 'category_name' of non-object in C:\Users\denis\PhpstormProjects\yii-application\api\controllers\ApiController.php:61
Stack trace:
#0 C:\Users\denis\PhpstormProjects\yii-application\api\controllers\ApiController.php(61): yii\base\ErrorHandler->handleError()
#1 [internal function]: api\controllers\ApiController->actionGet_post()
#2 C:\Users\denis\PhpstormProjects\yii-application\vendor\yiisoft\yii2\base\InlineAction.php(57): call_user_func_array()
#3 C:\Users\denis\PhpstormProjects\yii-application\vendor\yiisoft\yii2\base\Controller.php(178): yii\base\InlineAction->runWithParams()
#4 C:\Users\denis\PhpstormProjects\yii-application\vendor\yiisoft\yii2\base\Module.php(552): yii\base\Controller->runAction()
#5 C:\Users\denis\PhpstormProjects\yii-application\vendor\yiisoft\yii2\web\Application.php(103): yii\base\Module->runAction()
#6 C:\Users\denis\PhpstormProjects\yii-application\vendor\yiisoft\yii2\base\Application.php(384): yii\web\Application->handleRequest()
#7 C:\Users\denis\PhpstormProjects\yii-application\api\web\index.php(18): yii\base\Application->run()
#8 {main}
2023-05-29 18:35:47 [192.168.1.9][-][-][warning][yii\debug\Module::checkAccess] Access to debugger is denied due to IP address restriction. The requesting IP address is 192.168.1.9
2023-05-29 18:35:47 [192.168.1.9][-][-][info][application] $_GET = [
    'id' => '4'
]

$_POST = []

$_FILES = []

$_COOKIE = [
    '_identity-frontend' => 'ac8d11bccdecd582fa25b7697fd3bc41cc35c8174f0462278aad8b52014d6de0a:2:{i:0;s:18:\"_identity-frontend\";i:1;s:46:\"[4,\"TiIunT6J5fCfUWpAzRFMyizXX0fzvydE\",2592000]\";}'
    '_identity-backend' => '3fa645bb4704740e1ed23fbb9daa46b9da527604b26251ebefb4f7a2640c6342a:2:{i:0;s:17:\"_identity-backend\";i:1;s:46:\"[4,\"TiIunT6J5fCfUWpAzRFMyizXX0fzvydE\",2592000]\";}'
]

$_SERVER = [
    'REDIRECT_STATUS' => '200'
    'HTTP_HOST' => '192.168.1.9'
    'HTTP_CONNECTION' => 'keep-alive'
    'HTTP_UPGRADE_INSECURE_REQUESTS' => '1'
    'HTTP_USER_AGENT' => 'Mozilla/5.0 (Windows NT 10.0; Win64; x64) AppleWebKit/537.36 (KHTML, like Gecko) Chrome/110.0.0.0 YaBrowser/23.3.4.605 Yowser/2.5 Safari/537.36'
    'HTTP_ACCEPT' => 'text/html,application/xhtml+xml,application/xml;q=0.9,image/avif,image/webp,image/apng,*/*;q=0.8,application/signed-exchange;v=b3;q=0.7'
    'HTTP_ACCEPT_ENCODING' => 'gzip, deflate'
    'HTTP_ACCEPT_LANGUAGE' => 'ru,en;q=0.9'
    'HTTP_COOKIE' => '_identity-frontend=ac8d11bccdecd582fa25b7697fd3bc41cc35c8174f0462278aad8b52014d6de0a%3A2%3A%7Bi%3A0%3Bs%3A18%3A%22_identity-frontend%22%3Bi%3A1%3Bs%3A46%3A%22%5B4%2C%22TiIunT6J5fCfUWpAzRFMyizXX0fzvydE%22%2C2592000%5D%22%3B%7D; _identity-backend=3fa645bb4704740e1ed23fbb9daa46b9da527604b26251ebefb4f7a2640c6342a%3A2%3A%7Bi%3A0%3Bs%3A17%3A%22_identity-backend%22%3Bi%3A1%3Bs%3A46%3A%22%5B4%2C%22TiIunT6J5fCfUWpAzRFMyizXX0fzvydE%22%2C2592000%5D%22%3B%7D'
    'PATH' => 'C:\\ProgramData\\Oracle\\Java\\javapath;C:\\Program Files\\Common Files\\Oracle\\Java\\javapath;C:\\Program Files (x86)\\Common Files\\Oracle\\Java\\javapath;C:\\Windows\\system32;C:\\Windows;C:\\Windows\\System32\\Wbem;C:\\Windows\\System32\\WindowsPowerShell\\v1.0\\;C:\\Windows\\System32\\OpenSSH\\;C:\\Program Files\\NVIDIA Corporation\\NVIDIA NvDLISR;C:\\Program Files (x86)\\NVIDIA Corporation\\PhysX\\Common;C:\\Program Files\\Git\\cmd;C:\\Users\\denis\\PhpstormProjects\\PHP;C:\\ProgramData\\ComposerSetup\\bin;C:\\Users\\denis\\PhpstormProjects\\Node\\;C:\\Program Files\\MySQL\\MySQL Shell 8.0\\bin\\;C:\\Users\\denis\\AppData\\Local\\Microsoft\\WindowsApps;C:\\Program Files\\JetBrains\\PhpStorm 2023.1\\bin;C:\\Users\\denis\\AppData\\Roaming\\Composer\\vendor\\bin;C:\\Program Files\\JetBrains\\IntelliJ IDEA Community Edition 2023.1\\bin;C:\\Users\\denis\\AppData\\Roaming\\npm'
    'SystemRoot' => 'C:\\Windows'
    'COMSPEC' => 'C:\\Windows\\system32\\cmd.exe'
    'PATHEXT' => '.COM;.EXE;.BAT;.CMD;.VBS;.VBE;.JS;.JSE;.WSF;.WSH;.MSC'
    'WINDIR' => 'C:\\Windows'
    'SERVER_SIGNATURE' => ''
    'SERVER_SOFTWARE' => 'Apache/2.4.54 (Win64) PHP/7.4.33'
    'SERVER_NAME' => '192.168.1.9'
    'SERVER_ADDR' => '192.168.1.9'
    'SERVER_PORT' => '80'
    'REMOTE_ADDR' => '192.168.1.9'
    'DOCUMENT_ROOT' => 'C:/Users/denis/PhpstormProjects/yii-application/api/web'
    'REQUEST_SCHEME' => 'http'
    'CONTEXT_PREFIX' => ''
    'CONTEXT_DOCUMENT_ROOT' => 'C:/Users/denis/PhpstormProjects/yii-application/api/web'
    'SERVER_ADMIN' => 'admin@example.com'
    'SCRIPT_FILENAME' => 'C:/Users/denis/PhpstormProjects/yii-application/api/web/index.php'
    'REMOTE_PORT' => '52138'
    'REDIRECT_URL' => '/api/get_post'
    'REDIRECT_QUERY_STRING' => 'id=4'
    'GATEWAY_INTERFACE' => 'CGI/1.1'
    'SERVER_PROTOCOL' => 'HTTP/1.1'
    'REQUEST_METHOD' => 'GET'
    'QUERY_STRING' => 'id=4'
    'REQUEST_URI' => '/api/get_post?id=4'
    'SCRIPT_NAME' => '/index.php'
    'PHP_SELF' => '/index.php'
    'REQUEST_TIME_FLOAT' => 1685385347.7078
    'REQUEST_TIME' => 1685385347
]
2023-05-29 18:35:50 [192.168.1.9][-][-][error][yii\base\ErrorException:8] yii\base\ErrorException: Trying to get property 'category_name' of non-object in C:\Users\denis\PhpstormProjects\yii-application\api\controllers\ApiController.php:61
Stack trace:
#0 C:\Users\denis\PhpstormProjects\yii-application\api\controllers\ApiController.php(61): yii\base\ErrorHandler->handleError()
#1 [internal function]: api\controllers\ApiController->actionGet_post()
#2 C:\Users\denis\PhpstormProjects\yii-application\vendor\yiisoft\yii2\base\InlineAction.php(57): call_user_func_array()
#3 C:\Users\denis\PhpstormProjects\yii-application\vendor\yiisoft\yii2\base\Controller.php(178): yii\base\InlineAction->runWithParams()
#4 C:\Users\denis\PhpstormProjects\yii-application\vendor\yiisoft\yii2\base\Module.php(552): yii\base\Controller->runAction()
#5 C:\Users\denis\PhpstormProjects\yii-application\vendor\yiisoft\yii2\web\Application.php(103): yii\base\Module->runAction()
#6 C:\Users\denis\PhpstormProjects\yii-application\vendor\yiisoft\yii2\base\Application.php(384): yii\web\Application->handleRequest()
#7 C:\Users\denis\PhpstormProjects\yii-application\api\web\index.php(18): yii\base\Application->run()
#8 {main}
2023-05-29 18:35:50 [192.168.1.9][-][-][warning][yii\debug\Module::checkAccess] Access to debugger is denied due to IP address restriction. The requesting IP address is 192.168.1.9
2023-05-29 18:35:49 [192.168.1.9][-][-][info][application] $_GET = [
    'id' => '5'
]

$_POST = []

$_FILES = []

$_COOKIE = [
    '_identity-frontend' => 'ac8d11bccdecd582fa25b7697fd3bc41cc35c8174f0462278aad8b52014d6de0a:2:{i:0;s:18:\"_identity-frontend\";i:1;s:46:\"[4,\"TiIunT6J5fCfUWpAzRFMyizXX0fzvydE\",2592000]\";}'
    '_identity-backend' => '3fa645bb4704740e1ed23fbb9daa46b9da527604b26251ebefb4f7a2640c6342a:2:{i:0;s:17:\"_identity-backend\";i:1;s:46:\"[4,\"TiIunT6J5fCfUWpAzRFMyizXX0fzvydE\",2592000]\";}'
]

$_SERVER = [
    'REDIRECT_STATUS' => '200'
    'HTTP_HOST' => '192.168.1.9'
    'HTTP_CONNECTION' => 'keep-alive'
    'HTTP_UPGRADE_INSECURE_REQUESTS' => '1'
    'HTTP_USER_AGENT' => 'Mozilla/5.0 (Windows NT 10.0; Win64; x64) AppleWebKit/537.36 (KHTML, like Gecko) Chrome/110.0.0.0 YaBrowser/23.3.4.605 Yowser/2.5 Safari/537.36'
    'HTTP_ACCEPT' => 'text/html,application/xhtml+xml,application/xml;q=0.9,image/avif,image/webp,image/apng,*/*;q=0.8,application/signed-exchange;v=b3;q=0.7'
    'HTTP_ACCEPT_ENCODING' => 'gzip, deflate'
    'HTTP_ACCEPT_LANGUAGE' => 'ru,en;q=0.9'
    'HTTP_COOKIE' => '_identity-frontend=ac8d11bccdecd582fa25b7697fd3bc41cc35c8174f0462278aad8b52014d6de0a%3A2%3A%7Bi%3A0%3Bs%3A18%3A%22_identity-frontend%22%3Bi%3A1%3Bs%3A46%3A%22%5B4%2C%22TiIunT6J5fCfUWpAzRFMyizXX0fzvydE%22%2C2592000%5D%22%3B%7D; _identity-backend=3fa645bb4704740e1ed23fbb9daa46b9da527604b26251ebefb4f7a2640c6342a%3A2%3A%7Bi%3A0%3Bs%3A17%3A%22_identity-backend%22%3Bi%3A1%3Bs%3A46%3A%22%5B4%2C%22TiIunT6J5fCfUWpAzRFMyizXX0fzvydE%22%2C2592000%5D%22%3B%7D'
    'PATH' => 'C:\\ProgramData\\Oracle\\Java\\javapath;C:\\Program Files\\Common Files\\Oracle\\Java\\javapath;C:\\Program Files (x86)\\Common Files\\Oracle\\Java\\javapath;C:\\Windows\\system32;C:\\Windows;C:\\Windows\\System32\\Wbem;C:\\Windows\\System32\\WindowsPowerShell\\v1.0\\;C:\\Windows\\System32\\OpenSSH\\;C:\\Program Files\\NVIDIA Corporation\\NVIDIA NvDLISR;C:\\Program Files (x86)\\NVIDIA Corporation\\PhysX\\Common;C:\\Program Files\\Git\\cmd;C:\\Users\\denis\\PhpstormProjects\\PHP;C:\\ProgramData\\ComposerSetup\\bin;C:\\Users\\denis\\PhpstormProjects\\Node\\;C:\\Program Files\\MySQL\\MySQL Shell 8.0\\bin\\;C:\\Users\\denis\\AppData\\Local\\Microsoft\\WindowsApps;C:\\Program Files\\JetBrains\\PhpStorm 2023.1\\bin;C:\\Users\\denis\\AppData\\Roaming\\Composer\\vendor\\bin;C:\\Program Files\\JetBrains\\IntelliJ IDEA Community Edition 2023.1\\bin;C:\\Users\\denis\\AppData\\Roaming\\npm'
    'SystemRoot' => 'C:\\Windows'
    'COMSPEC' => 'C:\\Windows\\system32\\cmd.exe'
    'PATHEXT' => '.COM;.EXE;.BAT;.CMD;.VBS;.VBE;.JS;.JSE;.WSF;.WSH;.MSC'
    'WINDIR' => 'C:\\Windows'
    'SERVER_SIGNATURE' => ''
    'SERVER_SOFTWARE' => 'Apache/2.4.54 (Win64) PHP/7.4.33'
    'SERVER_NAME' => '192.168.1.9'
    'SERVER_ADDR' => '192.168.1.9'
    'SERVER_PORT' => '80'
    'REMOTE_ADDR' => '192.168.1.9'
    'DOCUMENT_ROOT' => 'C:/Users/denis/PhpstormProjects/yii-application/api/web'
    'REQUEST_SCHEME' => 'http'
    'CONTEXT_PREFIX' => ''
    'CONTEXT_DOCUMENT_ROOT' => 'C:/Users/denis/PhpstormProjects/yii-application/api/web'
    'SERVER_ADMIN' => 'admin@example.com'
    'SCRIPT_FILENAME' => 'C:/Users/denis/PhpstormProjects/yii-application/api/web/index.php'
    'REMOTE_PORT' => '52182'
    'REDIRECT_URL' => '/api/get_post'
    'REDIRECT_QUERY_STRING' => 'id=5'
    'GATEWAY_INTERFACE' => 'CGI/1.1'
    'SERVER_PROTOCOL' => 'HTTP/1.1'
    'REQUEST_METHOD' => 'GET'
    'QUERY_STRING' => 'id=5'
    'REQUEST_URI' => '/api/get_post?id=5'
    'SCRIPT_NAME' => '/index.php'
    'PHP_SELF' => '/index.php'
    'REQUEST_TIME_FLOAT' => 1685385349.9453
    'REQUEST_TIME' => 1685385349
]
2023-05-29 18:35:59 [192.168.1.9][-][-][warning][yii\debug\Module::checkAccess] Access to debugger is denied due to IP address restriction. The requesting IP address is 192.168.1.9
2023-05-29 18:35:59 [192.168.1.9][-][-][info][application] $_GET = []

$_POST = []

$_FILES = []

$_COOKIE = [
    '_identity-frontend' => 'ac8d11bccdecd582fa25b7697fd3bc41cc35c8174f0462278aad8b52014d6de0a:2:{i:0;s:18:\"_identity-frontend\";i:1;s:46:\"[4,\"TiIunT6J5fCfUWpAzRFMyizXX0fzvydE\",2592000]\";}'
    '_identity-backend' => '3fa645bb4704740e1ed23fbb9daa46b9da527604b26251ebefb4f7a2640c6342a:2:{i:0;s:17:\"_identity-backend\";i:1;s:46:\"[4,\"TiIunT6J5fCfUWpAzRFMyizXX0fzvydE\",2592000]\";}'
]

$_SERVER = [
    'REDIRECT_STATUS' => '200'
    'HTTP_HOST' => '192.168.1.9'
    'HTTP_CONNECTION' => 'keep-alive'
    'HTTP_UPGRADE_INSECURE_REQUESTS' => '1'
    'HTTP_USER_AGENT' => 'Mozilla/5.0 (Windows NT 10.0; Win64; x64) AppleWebKit/537.36 (KHTML, like Gecko) Chrome/110.0.0.0 YaBrowser/23.3.4.605 Yowser/2.5 Safari/537.36'
    'HTTP_ACCEPT' => 'text/html,application/xhtml+xml,application/xml;q=0.9,image/avif,image/webp,image/apng,*/*;q=0.8,application/signed-exchange;v=b3;q=0.7'
    'HTTP_ACCEPT_ENCODING' => 'gzip, deflate'
    'HTTP_ACCEPT_LANGUAGE' => 'ru,en;q=0.9'
    'HTTP_COOKIE' => '_identity-frontend=ac8d11bccdecd582fa25b7697fd3bc41cc35c8174f0462278aad8b52014d6de0a%3A2%3A%7Bi%3A0%3Bs%3A18%3A%22_identity-frontend%22%3Bi%3A1%3Bs%3A46%3A%22%5B4%2C%22TiIunT6J5fCfUWpAzRFMyizXX0fzvydE%22%2C2592000%5D%22%3B%7D; _identity-backend=3fa645bb4704740e1ed23fbb9daa46b9da527604b26251ebefb4f7a2640c6342a%3A2%3A%7Bi%3A0%3Bs%3A17%3A%22_identity-backend%22%3Bi%3A1%3Bs%3A46%3A%22%5B4%2C%22TiIunT6J5fCfUWpAzRFMyizXX0fzvydE%22%2C2592000%5D%22%3B%7D'
    'PATH' => 'C:\\ProgramData\\Oracle\\Java\\javapath;C:\\Program Files\\Common Files\\Oracle\\Java\\javapath;C:\\Program Files (x86)\\Common Files\\Oracle\\Java\\javapath;C:\\Windows\\system32;C:\\Windows;C:\\Windows\\System32\\Wbem;C:\\Windows\\System32\\WindowsPowerShell\\v1.0\\;C:\\Windows\\System32\\OpenSSH\\;C:\\Program Files\\NVIDIA Corporation\\NVIDIA NvDLISR;C:\\Program Files (x86)\\NVIDIA Corporation\\PhysX\\Common;C:\\Program Files\\Git\\cmd;C:\\Users\\denis\\PhpstormProjects\\PHP;C:\\ProgramData\\ComposerSetup\\bin;C:\\Users\\denis\\PhpstormProjects\\Node\\;C:\\Program Files\\MySQL\\MySQL Shell 8.0\\bin\\;C:\\Users\\denis\\AppData\\Local\\Microsoft\\WindowsApps;C:\\Program Files\\JetBrains\\PhpStorm 2023.1\\bin;C:\\Users\\denis\\AppData\\Roaming\\Composer\\vendor\\bin;C:\\Program Files\\JetBrains\\IntelliJ IDEA Community Edition 2023.1\\bin;C:\\Users\\denis\\AppData\\Roaming\\npm'
    'SystemRoot' => 'C:\\Windows'
    'COMSPEC' => 'C:\\Windows\\system32\\cmd.exe'
    'PATHEXT' => '.COM;.EXE;.BAT;.CMD;.VBS;.VBE;.JS;.JSE;.WSF;.WSH;.MSC'
    'WINDIR' => 'C:\\Windows'
    'SERVER_SIGNATURE' => ''
    'SERVER_SOFTWARE' => 'Apache/2.4.54 (Win64) PHP/7.4.33'
    'SERVER_NAME' => '192.168.1.9'
    'SERVER_ADDR' => '192.168.1.9'
    'SERVER_PORT' => '80'
    'REMOTE_ADDR' => '192.168.1.9'
    'DOCUMENT_ROOT' => 'C:/Users/denis/PhpstormProjects/yii-application/api/web'
    'REQUEST_SCHEME' => 'http'
    'CONTEXT_PREFIX' => ''
    'CONTEXT_DOCUMENT_ROOT' => 'C:/Users/denis/PhpstormProjects/yii-application/api/web'
    'SERVER_ADMIN' => 'admin@example.com'
    'SCRIPT_FILENAME' => 'C:/Users/denis/PhpstormProjects/yii-application/api/web/index.php'
    'REMOTE_PORT' => '52186'
    'REDIRECT_URL' => '/api/get_posts'
    'GATEWAY_INTERFACE' => 'CGI/1.1'
    'SERVER_PROTOCOL' => 'HTTP/1.1'
    'REQUEST_METHOD' => 'GET'
    'QUERY_STRING' => ''
    'REQUEST_URI' => '/api/get_posts'
    'SCRIPT_NAME' => '/index.php'
    'PHP_SELF' => '/index.php'
    'REQUEST_TIME_FLOAT' => 1685385359.1231
    'REQUEST_TIME' => 1685385359
]
2023-05-29 18:36:03 [192.168.1.9][-][-][warning][yii\debug\Module::checkAccess] Access to debugger is denied due to IP address restriction. The requesting IP address is 192.168.1.9
2023-05-29 18:36:03 [192.168.1.9][-][-][info][application] $_GET = [
    'id' => '32'
]

$_POST = []

$_FILES = []

$_COOKIE = [
    '_identity-frontend' => 'ac8d11bccdecd582fa25b7697fd3bc41cc35c8174f0462278aad8b52014d6de0a:2:{i:0;s:18:\"_identity-frontend\";i:1;s:46:\"[4,\"TiIunT6J5fCfUWpAzRFMyizXX0fzvydE\",2592000]\";}'
    '_identity-backend' => '3fa645bb4704740e1ed23fbb9daa46b9da527604b26251ebefb4f7a2640c6342a:2:{i:0;s:17:\"_identity-backend\";i:1;s:46:\"[4,\"TiIunT6J5fCfUWpAzRFMyizXX0fzvydE\",2592000]\";}'
]

$_SERVER = [
    'REDIRECT_STATUS' => '200'
    'HTTP_HOST' => '192.168.1.9'
    'HTTP_CONNECTION' => 'keep-alive'
    'HTTP_UPGRADE_INSECURE_REQUESTS' => '1'
    'HTTP_USER_AGENT' => 'Mozilla/5.0 (Windows NT 10.0; Win64; x64) AppleWebKit/537.36 (KHTML, like Gecko) Chrome/110.0.0.0 YaBrowser/23.3.4.605 Yowser/2.5 Safari/537.36'
    'HTTP_ACCEPT' => 'text/html,application/xhtml+xml,application/xml;q=0.9,image/avif,image/webp,image/apng,*/*;q=0.8,application/signed-exchange;v=b3;q=0.7'
    'HTTP_ACCEPT_ENCODING' => 'gzip, deflate'
    'HTTP_ACCEPT_LANGUAGE' => 'ru,en;q=0.9'
    'HTTP_COOKIE' => '_identity-frontend=ac8d11bccdecd582fa25b7697fd3bc41cc35c8174f0462278aad8b52014d6de0a%3A2%3A%7Bi%3A0%3Bs%3A18%3A%22_identity-frontend%22%3Bi%3A1%3Bs%3A46%3A%22%5B4%2C%22TiIunT6J5fCfUWpAzRFMyizXX0fzvydE%22%2C2592000%5D%22%3B%7D; _identity-backend=3fa645bb4704740e1ed23fbb9daa46b9da527604b26251ebefb4f7a2640c6342a%3A2%3A%7Bi%3A0%3Bs%3A17%3A%22_identity-backend%22%3Bi%3A1%3Bs%3A46%3A%22%5B4%2C%22TiIunT6J5fCfUWpAzRFMyizXX0fzvydE%22%2C2592000%5D%22%3B%7D'
    'PATH' => 'C:\\ProgramData\\Oracle\\Java\\javapath;C:\\Program Files\\Common Files\\Oracle\\Java\\javapath;C:\\Program Files (x86)\\Common Files\\Oracle\\Java\\javapath;C:\\Windows\\system32;C:\\Windows;C:\\Windows\\System32\\Wbem;C:\\Windows\\System32\\WindowsPowerShell\\v1.0\\;C:\\Windows\\System32\\OpenSSH\\;C:\\Program Files\\NVIDIA Corporation\\NVIDIA NvDLISR;C:\\Program Files (x86)\\NVIDIA Corporation\\PhysX\\Common;C:\\Program Files\\Git\\cmd;C:\\Users\\denis\\PhpstormProjects\\PHP;C:\\ProgramData\\ComposerSetup\\bin;C:\\Users\\denis\\PhpstormProjects\\Node\\;C:\\Program Files\\MySQL\\MySQL Shell 8.0\\bin\\;C:\\Users\\denis\\AppData\\Local\\Microsoft\\WindowsApps;C:\\Program Files\\JetBrains\\PhpStorm 2023.1\\bin;C:\\Users\\denis\\AppData\\Roaming\\Composer\\vendor\\bin;C:\\Program Files\\JetBrains\\IntelliJ IDEA Community Edition 2023.1\\bin;C:\\Users\\denis\\AppData\\Roaming\\npm'
    'SystemRoot' => 'C:\\Windows'
    'COMSPEC' => 'C:\\Windows\\system32\\cmd.exe'
    'PATHEXT' => '.COM;.EXE;.BAT;.CMD;.VBS;.VBE;.JS;.JSE;.WSF;.WSH;.MSC'
    'WINDIR' => 'C:\\Windows'
    'SERVER_SIGNATURE' => ''
    'SERVER_SOFTWARE' => 'Apache/2.4.54 (Win64) PHP/7.4.33'
    'SERVER_NAME' => '192.168.1.9'
    'SERVER_ADDR' => '192.168.1.9'
    'SERVER_PORT' => '80'
    'REMOTE_ADDR' => '192.168.1.9'
    'DOCUMENT_ROOT' => 'C:/Users/denis/PhpstormProjects/yii-application/api/web'
    'REQUEST_SCHEME' => 'http'
    'CONTEXT_PREFIX' => ''
    'CONTEXT_DOCUMENT_ROOT' => 'C:/Users/denis/PhpstormProjects/yii-application/api/web'
    'SERVER_ADMIN' => 'admin@example.com'
    'SCRIPT_FILENAME' => 'C:/Users/denis/PhpstormProjects/yii-application/api/web/index.php'
    'REMOTE_PORT' => '52186'
    'REDIRECT_URL' => '/api/get_post'
    'REDIRECT_QUERY_STRING' => 'id=32'
    'GATEWAY_INTERFACE' => 'CGI/1.1'
    'SERVER_PROTOCOL' => 'HTTP/1.1'
    'REQUEST_METHOD' => 'GET'
    'QUERY_STRING' => 'id=32'
    'REQUEST_URI' => '/api/get_post?id=32'
    'SCRIPT_NAME' => '/index.php'
    'PHP_SELF' => '/index.php'
    'REQUEST_TIME_FLOAT' => 1685385363.7514
    'REQUEST_TIME' => 1685385363
]
